<?xml version="1.0" encoding="UTF-8"?>
<TestRun id="11111111-1111-1111-1111-111111111111" name="completed-all-passed" runUser="qa" xmlns="http://microsoft.com/schemas/VisualStudio/TeamTest/2010">
  <Results>
    <UnitTestResult executionId="a1111111-1111-1111-1111-111111111111" testId="c1111111-1111-1111-1111-111111111111" testName="test_one" computerName="ci" testType="13cdc9d9-ddb5-4fa4-a97d-d965ccfc6d4b" outcome="Passed" />
    <UnitTestResult executionId="a2222222-2222-2222-2222-222222222222" testId="c2222222-2222-2222-2222-222222222222" testName="test_two" computerName="ci" testType="13cdc9d9-ddb5-4fa4-a97d-d965ccfc6d4b" outcome="Passed" />
  </Results>
  <TestDefinitions>
    <UnitTest name="test_one" storage="x.dll" id="c1111111-1111-1111-1111-111111111111">
      <Execution id="a1111111-1111-1111-1111-111111111111" />
      <TestMethod codeBase="x.dll" adapterTypeName="executor://nunit" className="My.Suite.Alpha" name="test_one" />
    </UnitTest>
    <UnitTest name="test_two" storage="x.dll" id="c2222222-2222-2222-2222-222222222222">
      <Execution id="a2222222-2222-2222-2222-222222222222" />
      <TestMethod codeBase="x.dll" adapterTypeName="executor://nunit" className="My.Suite.Beta" name="test_two" />
    </UnitTest>
  </TestDefinitions>
  <TestEntries>
    <TestEntry testId="c1111111-1111-1111-1111-111111111111" executionId="a1111111-1111-1111-1111-111111111111" testListId="8c84fa94-04c1-424b-9868-57a2d4851a1d" />
    <TestEntry testId="c2222222-2222-2222-2222-222222222222" executionId="a2222222-2222-2222-2222-222222222222" testListId="8c84fa94-04c1-424b-9868-57a2d4851a1d" />
  </TestEntries>
  <ResultSummary outcome="Completed">
    <Counters total="2" executed="2" passed="2" failed="0" error="0" timeout="0" aborted="0" inconclusive="0" passedButRunAborted="0" notRunnable="0" notExecuted="0" disconnected="0" warning="0" completed="0" inProgress="0" pending="0" />
  </ResultSummary>
</TestRun>
