<?xml version="1.0" encoding="utf-8"?>
<TestRun id="e56d18c3-98d2-4e4b-aaea-186cacf44e18" name="qaautouser@vmdcadoqa1a4 2026-06-08 21:21:44" runUser="vmdcadoqa1a4\qaautouser" xmlns="http://microsoft.com/schemas/VisualStudio/TeamTest/2010">
  <Times creation="2026-06-08T21:21:44.0840875+00:00" queuing="2026-06-08T21:21:44.0840875+00:00" start="2026-06-08T21:18:02.6201975+00:00" finish="2026-06-09T01:23:22.2442207+00:00" />
  <TestSettings name="default" id="13592129-ea58-4d4a-bc17-44b8f1da07b5">
    <Deployment runDeploymentRoot="qaautouser_vmdcadoqa1a4_2026-06-08_21_21_44" />
  </TestSettings>
  <Results>
    <UnitTestResult executionId="c08ae1f9-4b99-4920-bf8a-866ed4fe3a15" testId="e6375624-1b65-0326-096d-33f5a73624d6" testName="AddingSearchableFieldsViaColumnsFromAllResults" computerName="vmdcadoqa1a4" duration="00:02:47.9221420" startTime="2026-06-08T21:21:43.9909780+00:00" endTime="2026-06-08T21:24:31.9157682+00:00" testType="13cdc9d9-ddb5-4fa4-a97d-d965ccfc6d4b" outcome="Failed" testListId="8c84fa94-04c1-424b-9868-57a2d4851a1d" relativeResultsDirectory="c08ae1f9-4b99-4920-bf8a-866ed4fe3a15">
      <Output>
        <ErrorInfo>
          <Message>System.TimeoutException : EntryName_XZNW212OWU should be displayed. Timed out after 160 seconds</Message>
          <StackTrace>   at DealCloud.Tests.Data.Common.Helpers.Wait.DcWait.Until[TResult](Func`1 func) in G:\azagent\BuildRelease01\20\s\DealCloud.Tests.Automation\DealCloud.Tests.Data.Common\Helpers\Wait\DcWait.cs:line 65&#xD;
   at DealCloud.Tests.Selenium.Web.NUnitTests.OpenSearch.BaseOpenSearch.VerifyFullSearchResultsWithWait(AdvancedSearchPage advancedSearch, String searchTerm, String objectName, String expectedEntryInResult) in G:\azagent\BuildRelease01\20\s\DealCloud.Tests.Automation\DealCloud.Tests.Selenium\Web\NUnitTests\OpenSearch\BaseOpenSearch.cs:line 149&#xD;
   at DealCloud.Tests.Selenium.Web.NUnitTests.OpenSearch.AdvancedSearch.AddingSearchableFieldsViaColumnsFromAllResults() in G:\azagent\BuildRelease01\20\s\DealCloud.Tests.Automation\DealCloud.Tests.Selenium\Web\NUnitTests\OpenSearch\AdvancedSearch.cs:line 851&#xD;
   at System.RuntimeMethodHandle.InvokeMethod(ObjectHandleOnStack target, Void** arguments, ObjectHandleOnStack sig, BOOL isConstructor, ObjectHandleOnStack result)&#xD;
   at System.Reflection.MethodBaseInvoker.InterpretedInvoke_Method(Object obj, IntPtr* args)&#xD;
   at System.Reflection.MethodBaseInvoker.InvokeWithNoArgs(Object obj, BindingFlags invokeAttr)
1)    at DealCloud.Tests.Data.Common.Helpers.Wait.DcWait.Until[TResult](Func`1 func) in G:\azagent\BuildRelease01\20\s\DealCloud.Tests.Automation\DealCloud.Tests.Data.Common\Helpers\Wait\DcWait.cs:line 65&#xD;
   at DealCloud.Tests.Selenium.Web.NUnitTests.OpenSearch.BaseOpenSearch.VerifyFullSearchResultsWithWait(AdvancedSearchPage advancedSearch, String searchTerm, String objectName, String expectedEntryInResult) in G:\azagent\BuildRelease01\20\s\DealCloud.Tests.Automation\DealCloud.Tests.Selenium\Web\NUnitTests\OpenSearch\BaseOpenSearch.cs:line 149&#xD;
   at DealCloud.Tests.Selenium.Web.NUnitTests.OpenSearch.AdvancedSearch.AddingSearchableFieldsViaColumnsFromAllResults() in G:\azagent\BuildRelease01\20\s\DealCloud.Tests.Automation\DealCloud.Tests.Selenium\Web\NUnitTests\OpenSearch\AdvancedSearch.cs:line 851&#xD;
   at System.RuntimeMethodHandle.InvokeMethod(ObjectHandleOnStack target, Void** arguments, ObjectHandleOnStack sig, BOOL isConstructor, ObjectHandleOnStack result)&#xD;
   at System.Reflection.MethodBaseInvoker.InterpretedInvoke_Method(Object obj, IntPtr* args)&#xD;
   at System.Reflection.MethodBaseInvoker.InvokeWithNoArgs(Object obj, BindingFlags invokeAttr)
</StackTrace>
        </ErrorInfo>
      </Output>
      <ResultFiles>
        <ResultFile path="vmdcadoqa1a4\AddingSearchableFieldsViaColumnsFromAllResults_20260608_212431.png" />
        <ResultFile path="vmdcadoqa1a4\DealCloud.Tests.Selenium.Web.NUnitTests.OpenSearch.AdvancedSearch.log" />
      </ResultFiles>
    </UnitTestResult>
    <UnitTestResult executionId="87c2d8db-44b3-4c1b-8a6c-ca1dd833bc2a" testId="444a584e-e509-c62b-1e83-410b20767b80" testName="AdditionalEntryContextInQuickSearch" computerName="vmdcadoqa1a4" duration="00:00:48.3815560" startTime="2026-06-08T22:59:54.1718213+00:00" endTime="2026-06-08T23:00:42.5541664+00:00" testType="13cdc9d9-ddb5-4fa4-a97d-d965ccfc6d4b" outcome="Passed" testListId="8c84fa94-04c1-424b-9868-57a2d4851a1d" relativeResultsDirectory="87c2d8db-44b3-4c1b-8a6c-ca1dd833bc2a" />
    <UnitTestResult executionId="d1ef37f3-ed3f-4ff6-af78-0548db8b22b9" testId="8fbb3534-8785-ebd7-941d-cb9989053fbb" testName="RestoreDefaultsSearchableFieldsFromObjectSearchResultsPage" computerName="vmdcadoqa1a4" duration="00:02:49.1632380" startTime="2026-06-08T22:11:59.1284753+00:00" endTime="2026-06-08T22:14:48.2945807+00:00" testType="13cdc9d9-ddb5-4fa4-a97d-d965ccfc6d4b" outcome="Failed" testListId="8c84fa94-04c1-424b-9868-57a2d4851a1d" relativeResultsDirectory="d1ef37f3-ed3f-4ff6-af78-0548db8b22b9">
      <Output>
        <ErrorInfo>
          <Message>System.TimeoutException : 30IH3230G7 should be displayed. Timed out after 160 seconds</Message>
          <StackTrace>   at DealCloud.Tests.Data.Common.Helpers.Wait.DcWait.Until[TResult](Func`1 func) in G:\azagent\BuildRelease01\20\s\DealCloud.Tests.Automation\DealCloud.Tests.Data.Common\Helpers\Wait\DcWait.cs:line 65&#xD;
   at DealCloud.Tests.Selenium.Web.NUnitTests.OpenSearch.BaseOpenSearch.VerifyFullSearchResultsWithWait(AdvancedSearchPage advancedSearch, String searchTerm, String objectName, String expectedEntryInResult) in G:\azagent\BuildRelease01\20\s\DealCloud.Tests.Automation\DealCloud.Tests.Selenium\Web\NUnitTests\OpenSearch\BaseOpenSearch.cs:line 149&#xD;
   at DealCloud.Tests.Selenium.Web.NUnitTests.OpenSearch.AdvancedSearch.RestoreDefaultsSearchableFieldsFromObjectSearchResultsPage() in G:\azagent\BuildRelease01\20\s\DealCloud.Tests.Automation\DealCloud.Tests.Selenium\Web\NUnitTests\OpenSearch\AdvancedSearch.cs:line 989&#xD;
   at System.RuntimeMethodHandle.InvokeMethod(ObjectHandleOnStack target, Void** arguments, ObjectHandleOnStack sig, BOOL isConstructor, ObjectHandleOnStack result)&#xD;
   at System.Reflection.MethodBaseInvoker.InterpretedInvoke_Method(Object obj, IntPtr* args)&#xD;
   at System.Reflection.MethodBaseInvoker.InvokeWithNoArgs(Object obj, BindingFlags invokeAttr)
1)    at DealCloud.Tests.Data.Common.Helpers.Wait.DcWait.Until[TResult](Func`1 func) in G:\azagent\BuildRelease01\20\s\DealCloud.Tests.Automation\DealCloud.Tests.Data.Common\Helpers\Wait\DcWait.cs:line 65&#xD;
   at DealCloud.Tests.Selenium.Web.NUnitTests.OpenSearch.BaseOpenSearch.VerifyFullSearchResultsWithWait(AdvancedSearchPage advancedSearch, String searchTerm, String objectName, String expectedEntryInResult) in G:\azagent\BuildRelease01\20\s\DealCloud.Tests.Automation\DealCloud.Tests.Selenium\Web\NUnitTests\OpenSearch\BaseOpenSearch.cs:line 149&#xD;
   at DealCloud.Tests.Selenium.Web.NUnitTests.OpenSearch.AdvancedSearch.RestoreDefaultsSearchableFieldsFromObjectSearchResultsPage() in G:\azagent\BuildRelease01\20\s\DealCloud.Tests.Automation\DealCloud.Tests.Selenium\Web\NUnitTests\OpenSearch\AdvancedSearch.cs:line 989&#xD;
   at System.RuntimeMethodHandle.InvokeMethod(ObjectHandleOnStack target, Void** arguments, ObjectHandleOnStack sig, BOOL isConstructor, ObjectHandleOnStack result)&#xD;
   at System.Reflection.MethodBaseInvoker.InterpretedInvoke_Method(Object obj, IntPtr* args)&#xD;
   at System.Reflection.MethodBaseInvoker.InvokeWithNoArgs(Object obj, BindingFlags invokeAttr)
</StackTrace>
        </ErrorInfo>
      </Output>
      <ResultFiles>
        <ResultFile path="vmdcadoqa1a4\DealCloud.Tests.Selenium.Web.NUnitTests.OpenSearch.AdvancedSearch.log" />
        <ResultFile path="vmdcadoqa1a4\RestoreDefaultsSearchableFieldsFromObjectSearc_20260608_221448.png" />
      </ResultFiles>
    </UnitTestResult>
    <UnitTestResult executionId="dc6d1d64-2347-4130-9b0c-45cbe5232bfb" testId="3a2b302e-894b-88c2-07b8-b064c4c285eb" testName="AdvancedSearchSortingOfEntriesByUserUsage" computerName="vmdcadoqa1a4" duration="00:00:39.5468750" startTime="2026-06-08T21:34:18.1130568+00:00" endTime="2026-06-08T21:34:57.6604570+00:00" testType="13cdc9d9-ddb5-4fa4-a97d-d965ccfc6d4b" outcome="Passed" testListId="8c84fa94-04c1-424b-9868-57a2d4851a1d" relativeResultsDirectory="dc6d1d64-2347-4130-9b0c-45cbe5232bfb" />
    <UnitTestResult executionId="ec701378-b7be-40f4-b933-d52495d8f475" testId="2249a84e-64f4-dd6c-b9ba-898583949c21" testName="CheckingSearchInTheCascadingReferenceField" computerName="vmdcadoqa1a4" duration="00:00:59.9134390" startTime="2026-06-08T22:53:39.4601196+00:00" endTime="2026-06-08T22:54:39.3744696+00:00" testType="13cdc9d9-ddb5-4fa4-a97d-d965ccfc6d4b" outcome="Failed" testListId="8c84fa94-04c1-424b-9868-57a2d4851a1d" relativeResultsDirectory="ec701378-b7be-40f4-b933-d52495d8f475">
      <Output>
        <StdOut>Before Selecting - 1&#xD;
Before Deleting - 1&#xD;
After Deleting - 1&#xD;
Before Selecting - 1&#xD;
Before Deleting - 1&#xD;
After Deleting - 1&#xD;
Before Selecting - 1&#xD;
Before Deleting - 1&#xD;
After Deleting - 1&#xD;
Before Selecting - 1&#xD;
Before Deleting - 1&#xD;
After Deleting - 1&#xD;
Before Selecting - 1&#xD;
Before Deleting - 1&#xD;
After Deleting - 1</StdOut>
        <ErrorInfo>
          <Message>OpenQA.Selenium.StaleElementReferenceException : stale element reference: stale element not found in the current frame&#xD;
  (Session info: chrome=148.0.7778.217); For documentation on this error, please visit: https://www.selenium.dev/documentation/webdriver/troubleshooting/errors#staleelementreferenceexception</Message>
          <StackTrace>   at OpenQA.Selenium.WebDriver.UnpackAndThrowOnError(Response errorResponse, String commandToExecute)&#xD;
   at OpenQA.Selenium.WebDriver.ExecuteAsync(String driverCommandToExecute, Dictionary`2 parameters)&#xD;
   at OpenQA.Selenium.WebDriver.Execute(String driverCommandToExecute, Dictionary`2 parameters)&#xD;
   at OpenQA.Selenium.WebElement.get_Text()&#xD;
   at DealCloud.Tests.Shared.PageObjects.BaseWebElements.DropDowns.BaseMultiSelectDropDownWithSearchTextBox.&lt;&gt;c.&lt;GetAllValuesWithLookup&gt;b__46_1(IWebElement el) in G:\azagent\BuildRelease01\20\s\DealCloud.Tests.Automation\DealCloud.Tests.Shared.PageObjects\BaseWebElements\DropDowns\BaseMultiSelectDropDownWithSearchTextBox.cs:line 433&#xD;
   at System.Linq.Enumerable.IListSelectIterator`2.ToList()&#xD;
   at DealCloud.Tests.Shared.PageObjects.BaseWebElements.DropDowns.BaseMultiSelectDropDownWithSearchTextBox.GetAllValuesWithLookup(Int32 minimalValuesCountToWaitFor) in G:\azagent\BuildRelease01\20\s\DealCloud.Tests.Automation\DealCloud.Tests.Shared.PageObjects\BaseWebElements\DropDowns\BaseMultiSelectDropDownWithSearchTextBox.cs:line 433&#xD;
   at DealCloud.Tests.Shared.PageObjects.Pages.Popups.EntryPopup.&lt;&gt;c__DisplayClass401_1.&lt;SearchForItemWithWait&gt;b__1() in G:\azagent\BuildRelease01\20\s\DealCloud.Tests.Automation\DealCloud.Tests.Shared.PageObjects\Pages\Popups\EntryPopup.cs:line 2231&#xD;
   at DealCloud.Tests.Data.Common.Helpers.Wait.DcWait.Until[TResult](Func`1 func) in G:\azagent\BuildRelease01\20\s\DealCloud.Tests.Automation\DealCloud.Tests.Data.Common\Helpers\Wait\DcWait.cs:line 46&#xD;
   at DealCloud.Tests.Shared.PageObjects.Pages.Popups.EntryPopup.&lt;&gt;c__DisplayClass401_0.&lt;SearchForItemWithWait&gt;b__0() in G:\azagent\BuildRelease01\20\s\DealCloud.Tests.Automation\DealCloud.Tests.Shared.PageObjects\Pages\Popups\EntryPopup.cs:line 2231&#xD;
   at DealCloud.Tests.Data.Common.Helpers.Wait.DcWait.Until[TResult](Func`1 func) in G:\azagent\BuildRelease01\20\s\DealCloud.Tests.Automation\DealCloud.Tests.Data.Common\Helpers\Wait\DcWait.cs:line 46&#xD;
   at DealCloud.Tests.Shared.PageObjects.Pages.Popups.EntryPopup.SearchForItemWithWait(String searchValue, String fieldName, Int32 expectedCountToBeLessThan, Boolean isMultiselect) in G:\azagent\BuildRelease01\20\s\DealCloud.Tests.Automation\DealCloud.Tests.Shared.PageObjects\Pages\Popups\EntryPopup.cs:line 2225&#xD;
   at DealCloud.Tests.Selenium.Web.NUnitTests.QuickSearch.OpenSearchInReferenceFields.CheckingSearchInTheCascadingReferenceField() in G:\azagent\BuildRelease01\20\s\DealCloud.Tests.Automation\DealCloud.Tests.Selenium\Web\NUnitTests\QuickSearch\OpenSearchInReferenceFields.cs:line 1346&#xD;
   at System.RuntimeMethodHandle.InvokeMethod(ObjectHandleOnStack target, Void** arguments, ObjectHandleOnStack sig, BOOL isConstructor, ObjectHandleOnStack result)&#xD;
   at System.Reflection.MethodBaseInvoker.InterpretedInvoke_Method(Object obj, IntPtr* args)&#xD;
   at System.Reflection.MethodBaseInvoker.InvokeWithNoArgs(Object obj, BindingFlags invokeAttr)
1)    at OpenQA.Selenium.WebDriver.UnpackAndThrowOnError(Response errorResponse, String commandToExecute)&#xD;
   at OpenQA.Selenium.WebDriver.ExecuteAsync(String driverCommandToExecute, Dictionary`2 parameters)&#xD;
   at OpenQA.Selenium.WebDriver.Execute(String driverCommandToExecute, Dictionary`2 parameters)&#xD;
   at OpenQA.Selenium.WebElement.get_Text()&#xD;
   at DealCloud.Tests.Shared.PageObjects.BaseWebElements.DropDowns.BaseMultiSelectDropDownWithSearchTextBox.&lt;&gt;c.&lt;GetAllValuesWithLookup&gt;b__46_1(IWebElement el) in G:\azagent\BuildRelease01\20\s\DealCloud.Tests.Automation\DealCloud.Tests.Shared.PageObjects\BaseWebElements\DropDowns\BaseMultiSelectDropDownWithSearchTextBox.cs:line 433&#xD;
   at System.Linq.Enumerable.IListSelectIterator`2.ToList()&#xD;
   at DealCloud.Tests.Shared.PageObjects.BaseWebElements.DropDowns.BaseMultiSelectDropDownWithSearchTextBox.GetAllValuesWithLookup(Int32 minimalValuesCountToWaitFor) in G:\azagent\BuildRelease01\20\s\DealCloud.Tests.Automation\DealCloud.Tests.Shared.PageObjects\BaseWebElements\DropDowns\BaseMultiSelectDropDownWithSearchTextBox.cs:line 433&#xD;
   at DealCloud.Tests.Shared.PageObjects.Pages.Popups.EntryPopup.&lt;&gt;c__DisplayClass401_1.&lt;SearchForItemWithWait&gt;b__1() in G:\azagent\BuildRelease01\20\s\DealCloud.Tests.Automation\DealCloud.Tests.Shared.PageObjects\Pages\Popups\EntryPopup.cs:line 2231&#xD;
   at DealCloud.Tests.Data.Common.Helpers.Wait.DcWait.Until[TResult](Func`1 func) in G:\azagent\BuildRelease01\20\s\DealCloud.Tests.Automation\DealCloud.Tests.Data.Common\Helpers\Wait\DcWait.cs:line 46&#xD;
   at DealCloud.Tests.Shared.PageObjects.Pages.Popups.EntryPopup.&lt;&gt;c__DisplayClass401_0.&lt;SearchForItemWithWait&gt;b__0() in G:\azagent\BuildRelease01\20\s\DealCloud.Tests.Automation\DealCloud.Tests.Shared.PageObjects\Pages\Popups\EntryPopup.cs:line 2231&#xD;
   at DealCloud.Tests.Data.Common.Helpers.Wait.DcWait.Until[TResult](Func`1 func) in G:\azagent\BuildRelease01\20\s\DealCloud.Tests.Automation\DealCloud.Tests.Data.Common\Helpers\Wait\DcWait.cs:line 46&#xD;
   at DealCloud.Tests.Shared.PageObjects.Pages.Popups.EntryPopup.SearchForItemWithWait(String searchValue, String fieldName, Int32 expectedCountToBeLessThan, Boolean isMultiselect) in G:\azagent\BuildRelease01\20\s\DealCloud.Tests.Automation\DealCloud.Tests.Shared.PageObjects\Pages\Popups\EntryPopup.cs:line 2225&#xD;
   at DealCloud.Tests.Selenium.Web.NUnitTests.QuickSearch.OpenSearchInReferenceFields.CheckingSearchInTheCascadingReferenceField() in G:\azagent\BuildRelease01\20\s\DealCloud.Tests.Automation\DealCloud.Tests.Selenium\Web\NUnitTests\QuickSearch\OpenSearchInReferenceFields.cs:line 1346&#xD;
   at System.RuntimeMethodHandle.InvokeMethod(ObjectHandleOnStack target, Void** arguments, ObjectHandleOnStack sig, BOOL isConstructor, ObjectHandleOnStack result)&#xD;
   at System.Reflection.MethodBaseInvoker.InterpretedInvoke_Method(Object obj, IntPtr* args)&#xD;
   at System.Reflection.MethodBaseInvoker.InvokeWithNoArgs(Object obj, BindingFlags invokeAttr)
</StackTrace>
        </ErrorInfo>
      </Output>
      <ResultFiles>
        <ResultFile path="vmdcadoqa1a4\CheckingSearchInTheCascadingReferenceField_20260608_225439.png" />
        <ResultFile path="vmdcadoqa1a4\DealCloud.Tests.Selenium.Web.NUnitTests.QuickSearch.OpenSearchInReferenceFields.log" />
      </ResultFiles>
    </UnitTestResult>
    <UnitTestResult executionId="49c15ad9-af25-4782-9b50-d337a0d860e8" testId="264937ca-a5d2-44e8-b36d-c7cf7e38814e" testName="EntriesFromListWithoutIncludeInQuickSearchPropertyAreDisplayedInRecentlyVisitedSection" computerName="vmdcadoqa1a4" duration="00:00:28.2723770" startTime="2026-06-09T00:02:00.7196612+00:00" endTime="2026-06-09T00:02:28.9924626+00:00" testType="13cdc9d9-ddb5-4fa4-a97d-d965ccfc6d4b" outcome="Passed" testListId="8c84fa94-04c1-424b-9868-57a2d4851a1d" relativeResultsDirectory="49c15ad9-af25-4782-9b50-d337a0d860e8" />
    <UnitTestResult executionId="192f3204-5fba-4902-898b-137b226952f5" testId="c963003e-49ab-4797-cee2-576e626ca8fa" testName="SearchWhenAccessRestrictedByUserFieldAndConditionalPermissions" computerName="vmdcadoqa1a4" duration="00:03:03.8480520" startTime="2026-06-08T23:32:10.9828275+00:00" endTime="2026-06-08T23:35:14.8336252+00:00" testType="13cdc9d9-ddb5-4fa4-a97d-d965ccfc6d4b" outcome="Failed" testListId="8c84fa94-04c1-424b-9868-57a2d4851a1d" relativeResultsDirectory="192f3204-5fba-4902-898b-137b226952f5">
      <Output>
        <ErrorInfo>
          <Message>OpenQA.Selenium.WebDriverTimeoutException : Timed out after 160 seconds</Message>
          <StackTrace>   at OpenQA.Selenium.Support.UI.DefaultWait`1.ThrowTimeoutException(String exceptionMessage, Exception lastException)&#xD;
   at OpenQA.Selenium.Support.UI.DefaultWait`1.Until[TResult](Func`2 condition, CancellationToken token)&#xD;
   at DealCloud.Tests.Shared.PageObjects.Modules.QuickSearch.SetSearchAndWaitForEntryIsDisplayedInQuickSearch(String entryName, Boolean isAnyEntry) in G:\azagent\BuildRelease01\20\s\DealCloud.Tests.Automation\DealCloud.Tests.Shared.PageObjects\Modules\QuickSearch.cs:line 389&#xD;
   at DealCloud.Tests.Selenium.Web.NUnitTests.QuickSearch.SearchCapabilities.OpenSearchConditionalPermissions.VerifyEntriesPresenceInQuickAndFullSearch(String searchTerm, Int32[] numbersOfEntriesToBeDisplayedInSearch) in G:\azagent\BuildRelease01\20\s\DealCloud.Tests.Automation\DealCloud.Tests.Selenium\Web\NUnitTests\SearchCapabilities\OpenSearchConditionalPermissions.cs:line 902&#xD;
   at DealCloud.Tests.Selenium.Web.NUnitTests.QuickSearch.SearchCapabilities.OpenSearchConditionalPermissions.SearchWhenAccessRestrictedByUserFieldAndConditionalPermissions() in G:\azagent\BuildRelease01\20\s\DealCloud.Tests.Automation\DealCloud.Tests.Selenium\Web\NUnitTests\SearchCapabilities\OpenSearchConditionalPermissions.cs:line 461&#xD;
   at System.RuntimeMethodHandle.InvokeMethod(ObjectHandleOnStack target, Void** arguments, ObjectHandleOnStack sig, BOOL isConstructor, ObjectHandleOnStack result)&#xD;
   at System.Reflection.MethodBaseInvoker.InterpretedInvoke_Method(Object obj, IntPtr* args)&#xD;
   at System.Reflection.MethodBaseInvoker.InvokeWithNoArgs(Object obj, BindingFlags invokeAttr)
1)    at OpenQA.Selenium.Support.UI.DefaultWait`1.ThrowTimeoutException(String exceptionMessage, Exception lastException)&#xD;
   at OpenQA.Selenium.Support.UI.DefaultWait`1.Until[TResult](Func`2 condition, CancellationToken token)&#xD;
   at DealCloud.Tests.Shared.PageObjects.Modules.QuickSearch.SetSearchAndWaitForEntryIsDisplayedInQuickSearch(String entryName, Boolean isAnyEntry) in G:\azagent\BuildRelease01\20\s\DealCloud.Tests.Automation\DealCloud.Tests.Shared.PageObjects\Modules\QuickSearch.cs:line 389&#xD;
   at DealCloud.Tests.Selenium.Web.NUnitTests.QuickSearch.SearchCapabilities.OpenSearchConditionalPermissions.VerifyEntriesPresenceInQuickAndFullSearch(String searchTerm, Int32[] numbersOfEntriesToBeDisplayedInSearch) in G:\azagent\BuildRelease01\20\s\DealCloud.Tests.Automation\DealCloud.Tests.Selenium\Web\NUnitTests\SearchCapabilities\OpenSearchConditionalPermissions.cs:line 902&#xD;
   at DealCloud.Tests.Selenium.Web.NUnitTests.QuickSearch.SearchCapabilities.OpenSearchConditionalPermissions.SearchWhenAccessRestrictedByUserFieldAndConditionalPermissions() in G:\azagent\BuildRelease01\20\s\DealCloud.Tests.Automation\DealCloud.Tests.Selenium\Web\NUnitTests\SearchCapabilities\OpenSearchConditionalPermissions.cs:line 461&#xD;
   at System.RuntimeMethodHandle.InvokeMethod(ObjectHandleOnStack target, Void** arguments, ObjectHandleOnStack sig, BOOL isConstructor, ObjectHandleOnStack result)&#xD;
   at System.Reflection.MethodBaseInvoker.InterpretedInvoke_Method(Object obj, IntPtr* args)&#xD;
   at System.Reflection.MethodBaseInvoker.InvokeWithNoArgs(Object obj, BindingFlags invokeAttr)
</StackTrace>
        </ErrorInfo>
      </Output>
      <ResultFiles>
        <ResultFile path="vmdcadoqa1a4\DealCloud.Tests.Selenium.Web.NUnitTests.QuickSearch.SearchCapabilities.OpenSearchConditionalPermissions.log" />
        <ResultFile path="vmdcadoqa1a4\SearchWhenAccessRestrictedByUserFieldAndCondit_20260608_233514.png" />
      </ResultFiles>
    </UnitTestResult>
    <UnitTestResult executionId="40ba654a-b0b8-497c-856a-f42c7cd43410" testId="e6892e63-8a91-2f05-5fe7-61f913c03fba" testName="SearchWhenConditionalPermissionsSetForObjectInTwoUserGroups" computerName="vmdcadoqa1a4" duration="00:02:56.4434670" startTime="2026-06-08T23:50:09.1488940+00:00" endTime="2026-06-08T23:53:05.5953993+00:00" testType="13cdc9d9-ddb5-4fa4-a97d-d965ccfc6d4b" outcome="Failed" testListId="8c84fa94-04c1-424b-9868-57a2d4851a1d" relativeResultsDirectory="40ba654a-b0b8-497c-856a-f42c7cd43410">
      <Output>
        <ErrorInfo>
          <Message>OpenQA.Selenium.WebDriverTimeoutException : Timed out after 160 seconds</Message>
          <StackTrace>   at OpenQA.Selenium.Support.UI.DefaultWait`1.ThrowTimeoutException(String exceptionMessage, Exception lastException)&#xD;
   at OpenQA.Selenium.Support.UI.DefaultWait`1.Until[TResult](Func`2 condition, CancellationToken token)&#xD;
   at DealCloud.Tests.Shared.PageObjects.Modules.QuickSearch.SetSearchAndWaitForEntryIsDisplayedInQuickSearch(String entryName, Boolean isAnyEntry) in G:\azagent\BuildRelease01\20\s\DealCloud.Tests.Automation\DealCloud.Tests.Shared.PageObjects\Modules\QuickSearch.cs:line 389&#xD;
   at DealCloud.Tests.Selenium.Web.NUnitTests.QuickSearch.SearchCapabilities.OpenSearchConditionalPermissions.VerifyEntriesPresenceInQuickAndFullSearch(String searchTerm, Int32[] numbersOfEntriesToBeDisplayedInSearch) in G:\azagent\BuildRelease01\20\s\DealCloud.Tests.Automation\DealCloud.Tests.Selenium\Web\NUnitTests\SearchCapabilities\OpenSearchConditionalPermissions.cs:line 902&#xD;
   at DealCloud.Tests.Selenium.Web.NUnitTests.QuickSearch.SearchCapabilities.OpenSearchConditionalPermissions.SearchWhenConditionalPermissionsSetForObjectInTwoUserGroups() in G:\azagent\BuildRelease01\20\s\DealCloud.Tests.Automation\DealCloud.Tests.Selenium\Web\NUnitTests\SearchCapabilities\OpenSearchConditionalPermissions.cs:line 181&#xD;
   at System.RuntimeMethodHandle.InvokeMethod(ObjectHandleOnStack target, Void** arguments, ObjectHandleOnStack sig, BOOL isConstructor, ObjectHandleOnStack result)&#xD;
   at System.Reflection.MethodBaseInvoker.InterpretedInvoke_Method(Object obj, IntPtr* args)&#xD;
   at System.Reflection.MethodBaseInvoker.InvokeWithNoArgs(Object obj, BindingFlags invokeAttr)
1)    at OpenQA.Selenium.Support.UI.DefaultWait`1.ThrowTimeoutException(String exceptionMessage, Exception lastException)&#xD;
   at OpenQA.Selenium.Support.UI.DefaultWait`1.Until[TResult](Func`2 condition, CancellationToken token)&#xD;
   at DealCloud.Tests.Shared.PageObjects.Modules.QuickSearch.SetSearchAndWaitForEntryIsDisplayedInQuickSearch(String entryName, Boolean isAnyEntry) in G:\azagent\BuildRelease01\20\s\DealCloud.Tests.Automation\DealCloud.Tests.Shared.PageObjects\Modules\QuickSearch.cs:line 389&#xD;
   at DealCloud.Tests.Selenium.Web.NUnitTests.QuickSearch.SearchCapabilities.OpenSearchConditionalPermissions.VerifyEntriesPresenceInQuickAndFullSearch(String searchTerm, Int32[] numbersOfEntriesToBeDisplayedInSearch) in G:\azagent\BuildRelease01\20\s\DealCloud.Tests.Automation\DealCloud.Tests.Selenium\Web\NUnitTests\SearchCapabilities\OpenSearchConditionalPermissions.cs:line 902&#xD;
   at DealCloud.Tests.Selenium.Web.NUnitTests.QuickSearch.SearchCapabilities.OpenSearchConditionalPermissions.SearchWhenConditionalPermissionsSetForObjectInTwoUserGroups() in G:\azagent\BuildRelease01\20\s\DealCloud.Tests.Automation\DealCloud.Tests.Selenium\Web\NUnitTests\SearchCapabilities\OpenSearchConditionalPermissions.cs:line 181&#xD;
   at System.RuntimeMethodHandle.InvokeMethod(ObjectHandleOnStack target, Void** arguments, ObjectHandleOnStack sig, BOOL isConstructor, ObjectHandleOnStack result)&#xD;
   at System.Reflection.MethodBaseInvoker.InterpretedInvoke_Method(Object obj, IntPtr* args)&#xD;
   at System.Reflection.MethodBaseInvoker.InvokeWithNoArgs(Object obj, BindingFlags invokeAttr)
</StackTrace>
        </ErrorInfo>
      </Output>
      <ResultFiles>
        <ResultFile path="vmdcadoqa1a4\DealCloud.Tests.Selenium.Web.NUnitTests.QuickSearch.SearchCapabilities.OpenSearchConditionalPermissions.log" />
        <ResultFile path="vmdcadoqa1a4\SearchWhenConditionalPermissionsSetForObjectIn_20260608_235305.png" />
      </ResultFiles>
    </UnitTestResult>
    <UnitTestResult executionId="81f942ac-12f4-4575-a41c-694459028327" testId="03d90195-967d-19f9-de83-41222b78744b" testName="AdvancedSearch_SearchBySearchableFields" computerName="vmdcadoqa1a4" duration="00:02:59.6298810" startTime="2026-06-08T21:33:26.9225207+00:00" endTime="2026-06-08T21:36:26.5553830+00:00" testType="13cdc9d9-ddb5-4fa4-a97d-d965ccfc6d4b" outcome="Failed" testListId="8c84fa94-04c1-424b-9868-57a2d4851a1d" relativeResultsDirectory="81f942ac-12f4-4575-a41c-694459028327">
      <Output>
        <ErrorInfo>
          <Message>System.TimeoutException : Test120107_2HOS should be displayed. Timed out after 160 seconds</Message>
          <StackTrace>   at DealCloud.Tests.Data.Common.Helpers.Wait.DcWait.Until[TResult](Func`1 func) in G:\azagent\BuildRelease01\20\s\DealCloud.Tests.Automation\DealCloud.Tests.Data.Common\Helpers\Wait\DcWait.cs:line 65&#xD;
   at DealCloud.Tests.Selenium.Web.NUnitTests.OpenSearch.BaseOpenSearch.VerifyFullSearchResultsWithWait(AdvancedSearchPage advancedSearch, String searchTerm, String objectName, String expectedEntryInResult) in G:\azagent\BuildRelease01\20\s\DealCloud.Tests.Automation\DealCloud.Tests.Selenium\Web\NUnitTests\OpenSearch\BaseOpenSearch.cs:line 149&#xD;
   at DealCloud.Tests.Selenium.Web.NUnitTests.OpenSearch.AdvancedSearch.VerifyAdvancedSearchWithParameter(Boolean isUsingQsSearchableFieldsRequired) in G:\azagent\BuildRelease01\20\s\DealCloud.Tests.Automation\DealCloud.Tests.Selenium\Web\NUnitTests\OpenSearch\AdvancedSearch.cs:line 1458&#xD;
   at DealCloud.Tests.Selenium.Web.NUnitTests.OpenSearch.AdvancedSearch.AdvancedSearch_SearchBySearchableFields() in G:\azagent\BuildRelease01\20\s\DealCloud.Tests.Automation\DealCloud.Tests.Selenium\Web\NUnitTests\OpenSearch\AdvancedSearch.cs:line 143&#xD;
   at System.RuntimeMethodHandle.InvokeMethod(ObjectHandleOnStack target, Void** arguments, ObjectHandleOnStack sig, BOOL isConstructor, ObjectHandleOnStack result)&#xD;
   at System.Reflection.MethodBaseInvoker.InterpretedInvoke_Method(Object obj, IntPtr* args)&#xD;
   at System.Reflection.MethodBaseInvoker.InvokeWithNoArgs(Object obj, BindingFlags invokeAttr)
1)    at DealCloud.Tests.Data.Common.Helpers.Wait.DcWait.Until[TResult](Func`1 func) in G:\azagent\BuildRelease01\20\s\DealCloud.Tests.Automation\DealCloud.Tests.Data.Common\Helpers\Wait\DcWait.cs:line 65&#xD;
   at DealCloud.Tests.Selenium.Web.NUnitTests.OpenSearch.BaseOpenSearch.VerifyFullSearchResultsWithWait(AdvancedSearchPage advancedSearch, String searchTerm, String objectName, String expectedEntryInResult) in G:\azagent\BuildRelease01\20\s\DealCloud.Tests.Automation\DealCloud.Tests.Selenium\Web\NUnitTests\OpenSearch\BaseOpenSearch.cs:line 149&#xD;
   at DealCloud.Tests.Selenium.Web.NUnitTests.OpenSearch.AdvancedSearch.VerifyAdvancedSearchWithParameter(Boolean isUsingQsSearchableFieldsRequired) in G:\azagent\BuildRelease01\20\s\DealCloud.Tests.Automation\DealCloud.Tests.Selenium\Web\NUnitTests\OpenSearch\AdvancedSearch.cs:line 1458&#xD;
   at DealCloud.Tests.Selenium.Web.NUnitTests.OpenSearch.AdvancedSearch.AdvancedSearch_SearchBySearchableFields() in G:\azagent\BuildRelease01\20\s\DealCloud.Tests.Automation\DealCloud.Tests.Selenium\Web\NUnitTests\OpenSearch\AdvancedSearch.cs:line 143&#xD;
   at System.RuntimeMethodHandle.InvokeMethod(ObjectHandleOnStack target, Void** arguments, ObjectHandleOnStack sig, BOOL isConstructor, ObjectHandleOnStack result)&#xD;
   at System.Reflection.MethodBaseInvoker.InterpretedInvoke_Method(Object obj, IntPtr* args)&#xD;
   at System.Reflection.MethodBaseInvoker.InvokeWithNoArgs(Object obj, BindingFlags invokeAttr)
</StackTrace>
        </ErrorInfo>
      </Output>
      <ResultFiles>
        <ResultFile path="vmdcadoqa1a4\AdvancedSearch_SearchBySearchableFields_20260608_213626.png" />
        <ResultFile path="vmdcadoqa1a4\DealCloud.Tests.Selenium.Web.NUnitTests.OpenSearch.AdvancedSearch.log" />
      </ResultFiles>
    </UnitTestResult>
    <UnitTestResult executionId="8363ecc2-45f2-4c09-b1f2-69355e444d39" testId="8c9d6151-83be-fda2-7e80-a5073ade92d6" testName="AdvancedSearchAccessFiltersFromColumnHeaderMenu" computerName="vmdcadoqa1a4" duration="00:03:55.6408580" startTime="2026-06-08T21:19:03.3210182+00:00" endTime="2026-06-08T21:22:58.9660021+00:00" testType="13cdc9d9-ddb5-4fa4-a97d-d965ccfc6d4b" outcome="Passed" testListId="8c84fa94-04c1-424b-9868-57a2d4851a1d" relativeResultsDirectory="8363ecc2-45f2-4c09-b1f2-69355e444d39" />
    <UnitTestResult executionId="0fe25f0d-ac77-40b2-83a4-e89d56ffa951" testId="2e984919-77ef-afe8-c71b-3480edd97eb8" testName="FullDealCloudSearchAcrossAllLists" computerName="vmdcadoqa1a4" duration="00:00:27.1874440" startTime="2026-06-08T21:41:02.0070734+00:00" endTime="2026-06-08T21:41:29.1949341+00:00" testType="13cdc9d9-ddb5-4fa4-a97d-d965ccfc6d4b" outcome="Passed" testListId="8c84fa94-04c1-424b-9868-57a2d4851a1d" relativeResultsDirectory="0fe25f0d-ac77-40b2-83a4-e89d56ffa951" />
    <UnitTestResult executionId="fcb83f2f-de9b-4ebd-9e9e-7cfd9fa3a4c4" testId="6d0d6eb3-c93a-1a82-f6f2-2db9041f4108" testName="AdvancedSearch_SearchByDocumentContent" computerName="vmdcadoqa1a4" duration="00:00:11.5600260" startTime="2026-06-08T21:30:13.7027244+00:00" endTime="2026-06-08T21:30:25.2629086+00:00" testType="13cdc9d9-ddb5-4fa4-a97d-d965ccfc6d4b" outcome="Passed" testListId="8c84fa94-04c1-424b-9868-57a2d4851a1d" relativeResultsDirectory="fcb83f2f-de9b-4ebd-9e9e-7cfd9fa3a4c4" />
    <UnitTestResult executionId="4dbcddbc-f484-4431-b194-5984d7ce50ab" testId="fd91d295-2ee2-7a1e-efc6-c7e185bc4b13" testName="SearchEntriesAtLeastTwoCharacters" computerName="vmdcadoqa1a4" duration="00:00:17.1190700" startTime="2026-06-08T23:13:43.9052268+00:00" endTime="2026-06-08T23:14:01.0245223+00:00" testType="13cdc9d9-ddb5-4fa4-a97d-d965ccfc6d4b" outcome="Passed" testListId="8c84fa94-04c1-424b-9868-57a2d4851a1d" relativeResultsDirectory="4dbcddbc-f484-4431-b194-5984d7ce50ab" />
    <UnitTestResult executionId="30db4e0a-7c77-46f7-b8df-23329a8d85cc" testId="469e04f9-5273-88dc-b71b-056de7c4fda7" testName="TypeInQuickSearchInputFieldAtLeastTwoCharactersForEntryExistsOrNotExists" computerName="vmdcadoqa1a4" duration="00:00:12.1591570" startTime="2026-06-08T23:16:25.2749334+00:00" endTime="2026-06-08T23:16:37.4342576+00:00" testType="13cdc9d9-ddb5-4fa4-a97d-d965ccfc6d4b" outcome="Passed" testListId="8c84fa94-04c1-424b-9868-57a2d4851a1d" relativeResultsDirectory="30db4e0a-7c77-46f7-b8df-23329a8d85cc" />
    <UnitTestResult executionId="2f3d1522-30df-489f-b26d-3a241424dbd1" testId="a972ee69-9241-b68a-3136-b2ea521da520" testName="ChangingSearchableFieldsFromSearchSettings" computerName="vmdcadoqa1a4" duration="00:02:51.0513310" startTime="2026-06-08T21:43:15.6347692+00:00" endTime="2026-06-08T21:46:06.6887227+00:00" testType="13cdc9d9-ddb5-4fa4-a97d-d965ccfc6d4b" outcome="Failed" testListId="8c84fa94-04c1-424b-9868-57a2d4851a1d" relativeResultsDirectory="2f3d1522-30df-489f-b26d-3a241424dbd1">
      <Output>
        <ErrorInfo>
          <Message>System.TimeoutException : EntryName_A2MVF1BY4E should be displayed. Timed out after 160 seconds</Message>
          <StackTrace>   at DealCloud.Tests.Data.Common.Helpers.Wait.DcWait.Until[TResult](Func`1 func) in G:\azagent\BuildRelease01\20\s\DealCloud.Tests.Automation\DealCloud.Tests.Data.Common\Helpers\Wait\DcWait.cs:line 65&#xD;
   at DealCloud.Tests.Selenium.Web.NUnitTests.OpenSearch.BaseOpenSearch.VerifyFullSearchResultsWithWait(AdvancedSearchPage advancedSearch, String searchTerm, String objectName, String expectedEntryInResult) in G:\azagent\BuildRelease01\20\s\DealCloud.Tests.Automation\DealCloud.Tests.Selenium\Web\NUnitTests\OpenSearch\BaseOpenSearch.cs:line 149&#xD;
   at DealCloud.Tests.Selenium.Web.NUnitTests.OpenSearch.AdvancedSearch.ChangingSearchableFieldsFromSearchSettings() in G:\azagent\BuildRelease01\20\s\DealCloud.Tests.Automation\DealCloud.Tests.Selenium\Web\NUnitTests\OpenSearch\AdvancedSearch.cs:line 1122&#xD;
   at System.RuntimeMethodHandle.InvokeMethod(ObjectHandleOnStack target, Void** arguments, ObjectHandleOnStack sig, BOOL isConstructor, ObjectHandleOnStack result)&#xD;
   at System.Reflection.MethodBaseInvoker.InterpretedInvoke_Method(Object obj, IntPtr* args)&#xD;
   at System.Reflection.MethodBaseInvoker.InvokeWithNoArgs(Object obj, BindingFlags invokeAttr)
1)    at DealCloud.Tests.Data.Common.Helpers.Wait.DcWait.Until[TResult](Func`1 func) in G:\azagent\BuildRelease01\20\s\DealCloud.Tests.Automation\DealCloud.Tests.Data.Common\Helpers\Wait\DcWait.cs:line 65&#xD;
   at DealCloud.Tests.Selenium.Web.NUnitTests.OpenSearch.BaseOpenSearch.VerifyFullSearchResultsWithWait(AdvancedSearchPage advancedSearch, String searchTerm, String objectName, String expectedEntryInResult) in G:\azagent\BuildRelease01\20\s\DealCloud.Tests.Automation\DealCloud.Tests.Selenium\Web\NUnitTests\OpenSearch\BaseOpenSearch.cs:line 149&#xD;
   at DealCloud.Tests.Selenium.Web.NUnitTests.OpenSearch.AdvancedSearch.ChangingSearchableFieldsFromSearchSettings() in G:\azagent\BuildRelease01\20\s\DealCloud.Tests.Automation\DealCloud.Tests.Selenium\Web\NUnitTests\OpenSearch\AdvancedSearch.cs:line 1122&#xD;
   at System.RuntimeMethodHandle.InvokeMethod(ObjectHandleOnStack target, Void** arguments, ObjectHandleOnStack sig, BOOL isConstructor, ObjectHandleOnStack result)&#xD;
   at System.Reflection.MethodBaseInvoker.InterpretedInvoke_Method(Object obj, IntPtr* args)&#xD;
   at System.Reflection.MethodBaseInvoker.InvokeWithNoArgs(Object obj, BindingFlags invokeAttr)
</StackTrace>
        </ErrorInfo>
      </Output>
      <ResultFiles>
        <ResultFile path="vmdcadoqa1a4\ChangingSearchableFieldsFromSearchSettings_20260608_214606.png" />
        <ResultFile path="vmdcadoqa1a4\DealCloud.Tests.Selenium.Web.NUnitTests.OpenSearch.AdvancedSearch.log" />
      </ResultFiles>
    </UnitTestResult>
    <UnitTestResult executionId="191a135f-e131-4982-9e29-ae9210c80cad" testId="4782aa79-23a4-2e24-60e4-6a85e14be50b" testName="CheckingToggleForDropdownsDisplaying" computerName="vmdcadoqa1a4" duration="00:00:17.3799220" startTime="2026-06-08T22:21:13.1112915+00:00" endTime="2026-06-08T22:21:30.4914718+00:00" testType="13cdc9d9-ddb5-4fa4-a97d-d965ccfc6d4b" outcome="Passed" testListId="8c84fa94-04c1-424b-9868-57a2d4851a1d" relativeResultsDirectory="191a135f-e131-4982-9e29-ae9210c80cad" />
    <UnitTestResult executionId="9a0c2ee7-3a2e-4e22-b1f5-3a8edce47249" testId="c92c80d8-3c73-a727-f94e-8e202680b231" testName="CheckSearchBySomeObjects" computerName="vmdcadoqa1a4" duration="00:02:53.2582750" startTime="2026-06-08T22:06:33.5966589+00:00" endTime="2026-06-08T22:09:26.8573936+00:00" testType="13cdc9d9-ddb5-4fa4-a97d-d965ccfc6d4b" outcome="Failed" testListId="8c84fa94-04c1-424b-9868-57a2d4851a1d" relativeResultsDirectory="9a0c2ee7-3a2e-4e22-b1f5-3a8edce47249">
      <Output>
        <ErrorInfo>
          <Message>OpenQA.Selenium.StaleElementReferenceException : stale element reference: stale element not found in the current frame&#xD;
  (Session info: chrome=148.0.7778.217); For documentation on this error, please visit: https://www.selenium.dev/documentation/webdriver/troubleshooting/errors#staleelementreferenceexception</Message>
          <StackTrace>   at OpenQA.Selenium.WebDriver.UnpackAndThrowOnError(Response errorResponse, String commandToExecute)&#xD;
   at OpenQA.Selenium.WebDriver.ExecuteAsync(String driverCommandToExecute, Dictionary`2 parameters)&#xD;
   at OpenQA.Selenium.WebDriver.Execute(String driverCommandToExecute, Dictionary`2 parameters)&#xD;
   at OpenQA.Selenium.WebElement.get_Text()&#xD;
   at DealCloud.Tests.Selenium.Web.NUnitTests.OpenSearch.BaseOpenSearch.&lt;&gt;c__DisplayClass14_0.&lt;PerformSearchWithWaitRequiredResult&gt;b__0() in G:\azagent\BuildRelease01\20\s\DealCloud.Tests.Automation\DealCloud.Tests.Selenium\Web\NUnitTests\OpenSearch\BaseOpenSearch.cs:line 204&#xD;
   at DealCloud.Tests.Data.Common.Helpers.Wait.DcWait.Until[TResult](Func`1 func) in G:\azagent\BuildRelease01\20\s\DealCloud.Tests.Automation\DealCloud.Tests.Data.Common\Helpers\Wait\DcWait.cs:line 46&#xD;
   at DealCloud.Tests.Selenium.Web.NUnitTests.OpenSearch.BaseOpenSearch.PerformSearchWithWaitRequiredResult(AdvancedSearchPage advancedSearchPage, String searchTerm, Int32 expectedEntriesCount, Int32 expectedEntriesCountObjectSection, String objectName, Boolean checkLoaderText) in G:\azagent\BuildRelease01\20\s\DealCloud.Tests.Automation\DealCloud.Tests.Selenium\Web\NUnitTests\OpenSearch\BaseOpenSearch.cs:line 196&#xD;
   at DealCloud.Tests.Selenium.Web.NUnitTests.OpenSearch.OpenSearch.CheckSearchBySomeObjects() in G:\azagent\BuildRelease01\20\s\DealCloud.Tests.Automation\DealCloud.Tests.Selenium\Web\NUnitTests\OpenSearch\OpenSearch.cs:line 3903&#xD;
   at System.RuntimeMethodHandle.InvokeMethod(ObjectHandleOnStack target, Void** arguments, ObjectHandleOnStack sig, BOOL isConstructor, ObjectHandleOnStack result)&#xD;
   at System.Reflection.MethodBaseInvoker.InterpretedInvoke_Method(Object obj, IntPtr* args)&#xD;
   at System.Reflection.MethodBaseInvoker.InvokeWithNoArgs(Object obj, BindingFlags invokeAttr)
1)    at OpenQA.Selenium.WebDriver.UnpackAndThrowOnError(Response errorResponse, String commandToExecute)&#xD;
   at OpenQA.Selenium.WebDriver.ExecuteAsync(String driverCommandToExecute, Dictionary`2 parameters)&#xD;
   at OpenQA.Selenium.WebDriver.Execute(String driverCommandToExecute, Dictionary`2 parameters)&#xD;
   at OpenQA.Selenium.WebElement.get_Text()&#xD;
   at DealCloud.Tests.Selenium.Web.NUnitTests.OpenSearch.BaseOpenSearch.&lt;&gt;c__DisplayClass14_0.&lt;PerformSearchWithWaitRequiredResult&gt;b__0() in G:\azagent\BuildRelease01\20\s\DealCloud.Tests.Automation\DealCloud.Tests.Selenium\Web\NUnitTests\OpenSearch\BaseOpenSearch.cs:line 204&#xD;
   at DealCloud.Tests.Data.Common.Helpers.Wait.DcWait.Until[TResult](Func`1 func) in G:\azagent\BuildRelease01\20\s\DealCloud.Tests.Automation\DealCloud.Tests.Data.Common\Helpers\Wait\DcWait.cs:line 46&#xD;
   at DealCloud.Tests.Selenium.Web.NUnitTests.OpenSearch.BaseOpenSearch.PerformSearchWithWaitRequiredResult(AdvancedSearchPage advancedSearchPage, String searchTerm, Int32 expectedEntriesCount, Int32 expectedEntriesCountObjectSection, String objectName, Boolean checkLoaderText) in G:\azagent\BuildRelease01\20\s\DealCloud.Tests.Automation\DealCloud.Tests.Selenium\Web\NUnitTests\OpenSearch\BaseOpenSearch.cs:line 196&#xD;
   at DealCloud.Tests.Selenium.Web.NUnitTests.OpenSearch.OpenSearch.CheckSearchBySomeObjects() in G:\azagent\BuildRelease01\20\s\DealCloud.Tests.Automation\DealCloud.Tests.Selenium\Web\NUnitTests\OpenSearch\OpenSearch.cs:line 3903&#xD;
   at System.RuntimeMethodHandle.InvokeMethod(ObjectHandleOnStack target, Void** arguments, ObjectHandleOnStack sig, BOOL isConstructor, ObjectHandleOnStack result)&#xD;
   at System.Reflection.MethodBaseInvoker.InterpretedInvoke_Method(Object obj, IntPtr* args)&#xD;
   at System.Reflection.MethodBaseInvoker.InvokeWithNoArgs(Object obj, BindingFlags invokeAttr)
</StackTrace>
        </ErrorInfo>
      </Output>
      <ResultFiles>
        <ResultFile path="vmdcadoqa1a4\CheckSearchBySomeObjects_20260608_220926.png" />
        <ResultFile path="vmdcadoqa1a4\DealCloud.Tests.Selenium.Web.NUnitTests.OpenSearch.OpenSearch.log" />
      </ResultFiles>
    </UnitTestResult>
    <UnitTestResult executionId="17fa4f90-4e0e-49c4-ace1-0472b5185682" testId="5f1282bb-e158-8728-e9c1-788b1e99c5fd" testName="QuickSearchDeleteEntry" computerName="vmdcadoqa1a4" duration="00:00:15.1512700" startTime="2026-06-08T23:22:09.3870079+00:00" endTime="2026-06-08T23:22:24.5385167+00:00" testType="13cdc9d9-ddb5-4fa4-a97d-d965ccfc6d4b" outcome="Passed" testListId="8c84fa94-04c1-424b-9868-57a2d4851a1d" relativeResultsDirectory="17fa4f90-4e0e-49c4-ace1-0472b5185682" />
    <UnitTestResult executionId="3bed162f-267e-4540-b23f-c583fadda4e8" testId="ebe0a7d7-1f83-3136-7c15-db3d98d7714c" testName="VerifyThatScrollIsAddedIfAllEntriesDoNotFitInTheWindow" computerName="vmdcadoqa1a4" duration="00:00:43.0237790" startTime="2026-06-09T00:06:48.4431568+00:00" endTime="2026-06-09T00:07:31.4675251+00:00" testType="13cdc9d9-ddb5-4fa4-a97d-d965ccfc6d4b" outcome="Passed" testListId="8c84fa94-04c1-424b-9868-57a2d4851a1d" relativeResultsDirectory="3bed162f-267e-4540-b23f-c583fadda4e8" />
    <UnitTestResult executionId="f19e1fc5-dd1f-471c-834c-3dfd0ee6ba13" testId="65804d5b-d2c2-3856-c307-0364c54fb8aa" testName="AdvancedSearchApplyingMultipleFilters" computerName="vmdcadoqa1a4" duration="00:01:40.6307269" startTime="2026-06-08T21:24:37.8548905+00:00" endTime="2026-06-08T21:26:18.4870817+00:00" testType="13cdc9d9-ddb5-4fa4-a97d-d965ccfc6d4b" outcome="Passed" testListId="8c84fa94-04c1-424b-9868-57a2d4851a1d" relativeResultsDirectory="f19e1fc5-dd1f-471c-834c-3dfd0ee6ba13" />
    <UnitTestResult executionId="3f612798-bfb8-4b69-85c7-84366c496cbd" testId="0a182938-4adf-42ab-b0fd-dc66e50329a0" testName="QuickSearchOpenSearchPrimaryFieldNameMatchingStrongerThanSecondaryFieldMatchingObjectsOrder" computerName="vmdcadoqa1a4" duration="00:02:54.6290310" startTime="2026-06-08T23:27:39.3588199+00:00" endTime="2026-06-08T23:30:33.9903536+00:00" testType="13cdc9d9-ddb5-4fa4-a97d-d965ccfc6d4b" outcome="Failed" testListId="8c84fa94-04c1-424b-9868-57a2d4851a1d" relativeResultsDirectory="3f612798-bfb8-4b69-85c7-84366c496cbd">
      <Output>
        <ErrorInfo>
          <Message>OpenQA.Selenium.WebDriverTimeoutException : Timed out after 160 seconds: Entry not displayed in YFieldMatchingObjectsOrder_2026_06_08_112742651530 object</Message>
          <StackTrace>   at OpenQA.Selenium.Support.UI.DefaultWait`1.ThrowTimeoutException(String exceptionMessage, Exception lastException)&#xD;
   at OpenQA.Selenium.Support.UI.DefaultWait`1.Until[TResult](Func`2 condition, CancellationToken token)&#xD;
   at DealCloud.Tests.Selenium.Web.NUnitTests.OpenSearch.OpenSearch.QuickSearchOpenSearchPrimaryFieldNameMatchingStrongerThanSecondaryFieldMatchingObjectsOrder() in G:\azagent\BuildRelease01\20\s\DealCloud.Tests.Automation\DealCloud.Tests.Selenium\Web\NUnitTests\OpenSearch\OpenSearch.cs:line 1569&#xD;
   at System.RuntimeMethodHandle.InvokeMethod(ObjectHandleOnStack target, Void** arguments, ObjectHandleOnStack sig, BOOL isConstructor, ObjectHandleOnStack result)&#xD;
   at System.Reflection.MethodBaseInvoker.InterpretedInvoke_Method(Object obj, IntPtr* args)&#xD;
   at System.Reflection.MethodBaseInvoker.InvokeWithNoArgs(Object obj, BindingFlags invokeAttr)
1)    at OpenQA.Selenium.Support.UI.DefaultWait`1.ThrowTimeoutException(String exceptionMessage, Exception lastException)&#xD;
   at OpenQA.Selenium.Support.UI.DefaultWait`1.Until[TResult](Func`2 condition, CancellationToken token)&#xD;
   at DealCloud.Tests.Selenium.Web.NUnitTests.OpenSearch.OpenSearch.QuickSearchOpenSearchPrimaryFieldNameMatchingStrongerThanSecondaryFieldMatchingObjectsOrder() in G:\azagent\BuildRelease01\20\s\DealCloud.Tests.Automation\DealCloud.Tests.Selenium\Web\NUnitTests\OpenSearch\OpenSearch.cs:line 1569&#xD;
   at System.RuntimeMethodHandle.InvokeMethod(ObjectHandleOnStack target, Void** arguments, ObjectHandleOnStack sig, BOOL isConstructor, ObjectHandleOnStack result)&#xD;
   at System.Reflection.MethodBaseInvoker.InterpretedInvoke_Method(Object obj, IntPtr* args)&#xD;
   at System.Reflection.MethodBaseInvoker.InvokeWithNoArgs(Object obj, BindingFlags invokeAttr)
</StackTrace>
        </ErrorInfo>
      </Output>
      <ResultFiles>
        <ResultFile path="vmdcadoqa1a4\DealCloud.Tests.Selenium.Web.NUnitTests.OpenSearch.OpenSearch.log" />
        <ResultFile path="vmdcadoqa1a4\QuickSearchOpenSearchPrimaryFieldNameMatchingS_20260608_233033.png" />
      </ResultFiles>
    </UnitTestResult>
    <UnitTestResult executionId="99572178-7bc0-4ed0-912f-65806c2da88b" testId="bf06fbff-b0ec-6002-31a2-6e7c204119e3" testName="SearchWhenConditionalPermissionsSetForObjectWithRestrictedAccessByEntryGroup" computerName="vmdcadoqa1a4" duration="00:02:55.2553900" startTime="2026-06-08T23:58:53.6490123+00:00" endTime="2026-06-09T00:01:48.9070644+00:00" testType="13cdc9d9-ddb5-4fa4-a97d-d965ccfc6d4b" outcome="Failed" testListId="8c84fa94-04c1-424b-9868-57a2d4851a1d" relativeResultsDirectory="99572178-7bc0-4ed0-912f-65806c2da88b">
      <Output>
        <ErrorInfo>
          <Message>OpenQA.Selenium.WebDriverTimeoutException : Timed out after 160 seconds</Message>
          <StackTrace>   at OpenQA.Selenium.Support.UI.DefaultWait`1.ThrowTimeoutException(String exceptionMessage, Exception lastException)&#xD;
   at OpenQA.Selenium.Support.UI.DefaultWait`1.Until[TResult](Func`2 condition, CancellationToken token)&#xD;
   at DealCloud.Tests.Shared.PageObjects.Modules.QuickSearch.SetSearchAndWaitForEntryIsDisplayedInQuickSearch(String entryName, Boolean isAnyEntry) in G:\azagent\BuildRelease01\20\s\DealCloud.Tests.Automation\DealCloud.Tests.Shared.PageObjects\Modules\QuickSearch.cs:line 389&#xD;
   at DealCloud.Tests.Selenium.Web.NUnitTests.QuickSearch.SearchCapabilities.OpenSearchConditionalPermissions.VerifyEntriesPresenceInQuickAndFullSearch(String searchTerm, Int32[] numbersOfEntriesToBeDisplayedInSearch) in G:\azagent\BuildRelease01\20\s\DealCloud.Tests.Automation\DealCloud.Tests.Selenium\Web\NUnitTests\SearchCapabilities\OpenSearchConditionalPermissions.cs:line 902&#xD;
   at DealCloud.Tests.Selenium.Web.NUnitTests.QuickSearch.SearchCapabilities.OpenSearchConditionalPermissions.SearchWhenConditionalPermissionsSetForObjectWithRestrictedAccessByEntryGroup() in G:\azagent\BuildRelease01\20\s\DealCloud.Tests.Automation\DealCloud.Tests.Selenium\Web\NUnitTests\SearchCapabilities\OpenSearchConditionalPermissions.cs:line 399&#xD;
   at System.RuntimeMethodHandle.InvokeMethod(ObjectHandleOnStack target, Void** arguments, ObjectHandleOnStack sig, BOOL isConstructor, ObjectHandleOnStack result)&#xD;
   at System.Reflection.MethodBaseInvoker.InterpretedInvoke_Method(Object obj, IntPtr* args)&#xD;
   at System.Reflection.MethodBaseInvoker.InvokeWithNoArgs(Object obj, BindingFlags invokeAttr)
1)    at OpenQA.Selenium.Support.UI.DefaultWait`1.ThrowTimeoutException(String exceptionMessage, Exception lastException)&#xD;
   at OpenQA.Selenium.Support.UI.DefaultWait`1.Until[TResult](Func`2 condition, CancellationToken token)&#xD;
   at DealCloud.Tests.Shared.PageObjects.Modules.QuickSearch.SetSearchAndWaitForEntryIsDisplayedInQuickSearch(String entryName, Boolean isAnyEntry) in G:\azagent\BuildRelease01\20\s\DealCloud.Tests.Automation\DealCloud.Tests.Shared.PageObjects\Modules\QuickSearch.cs:line 389&#xD;
   at DealCloud.Tests.Selenium.Web.NUnitTests.QuickSearch.SearchCapabilities.OpenSearchConditionalPermissions.VerifyEntriesPresenceInQuickAndFullSearch(String searchTerm, Int32[] numbersOfEntriesToBeDisplayedInSearch) in G:\azagent\BuildRelease01\20\s\DealCloud.Tests.Automation\DealCloud.Tests.Selenium\Web\NUnitTests\SearchCapabilities\OpenSearchConditionalPermissions.cs:line 902&#xD;
   at DealCloud.Tests.Selenium.Web.NUnitTests.QuickSearch.SearchCapabilities.OpenSearchConditionalPermissions.SearchWhenConditionalPermissionsSetForObjectWithRestrictedAccessByEntryGroup() in G:\azagent\BuildRelease01\20\s\DealCloud.Tests.Automation\DealCloud.Tests.Selenium\Web\NUnitTests\SearchCapabilities\OpenSearchConditionalPermissions.cs:line 399&#xD;
   at System.RuntimeMethodHandle.InvokeMethod(ObjectHandleOnStack target, Void** arguments, ObjectHandleOnStack sig, BOOL isConstructor, ObjectHandleOnStack result)&#xD;
   at System.Reflection.MethodBaseInvoker.InterpretedInvoke_Method(Object obj, IntPtr* args)&#xD;
   at System.Reflection.MethodBaseInvoker.InvokeWithNoArgs(Object obj, BindingFlags invokeAttr)
</StackTrace>
        </ErrorInfo>
      </Output>
      <ResultFiles>
        <ResultFile path="vmdcadoqa1a4\DealCloud.Tests.Selenium.Web.NUnitTests.QuickSearch.SearchCapabilities.OpenSearchConditionalPermissions.log" />
        <ResultFile path="vmdcadoqa1a4\SearchWhenConditionalPermissionsSetForObjectWi_20260609_000148.png" />
      </ResultFiles>
    </UnitTestResult>
    <UnitTestResult executionId="12303cd7-1c18-49b0-88cc-750c2c85932e" testId="e53d866c-5f54-bc99-be19-fa52e53678b6" testName="EntryIsNotVisibleAsQuickSearchResultWhenThereAreNoQuickSearchCapability" computerName="vmdcadoqa1a4" duration="00:00:19.4294880" startTime="2026-06-08T23:06:40.6896001+00:00" endTime="2026-06-08T23:07:00.1193806+00:00" testType="13cdc9d9-ddb5-4fa4-a97d-d965ccfc6d4b" outcome="Passed" testListId="8c84fa94-04c1-424b-9868-57a2d4851a1d" relativeResultsDirectory="12303cd7-1c18-49b0-88cc-750c2c85932e" />
    <UnitTestResult executionId="5aed3b66-272e-4d13-8ca2-82f94eb0c49c" testId="1c32bfcf-fad8-c6ca-bb6b-4430183e1705" testName="AdvancedSearch_SearchByAttachmentField" computerName="vmdcadoqa1a4" duration="00:02:50.9515330" startTime="2026-06-08T21:24:31.9158752+00:00" endTime="2026-06-08T21:27:22.8699645+00:00" testType="13cdc9d9-ddb5-4fa4-a97d-d965ccfc6d4b" outcome="Failed" testListId="8c84fa94-04c1-424b-9868-57a2d4851a1d" relativeResultsDirectory="5aed3b66-272e-4d13-8ca2-82f94eb0c49c">
      <Output>
        <ErrorInfo>
          <Message>System.TimeoutException : jpg.jpg should be displayed. Timed out after 160 seconds</Message>
          <StackTrace>   at DealCloud.Tests.Data.Common.Helpers.Wait.DcWait.Until[TResult](Func`1 func) in G:\azagent\BuildRelease01\20\s\DealCloud.Tests.Automation\DealCloud.Tests.Data.Common\Helpers\Wait\DcWait.cs:line 65&#xD;
   at DealCloud.Tests.Selenium.Web.NUnitTests.OpenSearch.BaseOpenSearch.VerifyFullSearchResultsWithWait(AdvancedSearchPage advancedSearch, String searchTerm, String objectName, String expectedEntryInResult) in G:\azagent\BuildRelease01\20\s\DealCloud.Tests.Automation\DealCloud.Tests.Selenium\Web\NUnitTests\OpenSearch\BaseOpenSearch.cs:line 149&#xD;
   at DealCloud.Tests.Selenium.Web.NUnitTests.OpenSearch.AdvancedSearch.AdvancedSearch_SearchByAttachmentField() in G:\azagent\BuildRelease01\20\s\DealCloud.Tests.Automation\DealCloud.Tests.Selenium\Web\NUnitTests\OpenSearch\AdvancedSearch.cs:line 241&#xD;
   at System.RuntimeMethodHandle.InvokeMethod(ObjectHandleOnStack target, Void** arguments, ObjectHandleOnStack sig, BOOL isConstructor, ObjectHandleOnStack result)&#xD;
   at System.Reflection.MethodBaseInvoker.InterpretedInvoke_Method(Object obj, IntPtr* args)&#xD;
   at System.Reflection.MethodBaseInvoker.InvokeWithNoArgs(Object obj, BindingFlags invokeAttr)
1)    at DealCloud.Tests.Data.Common.Helpers.Wait.DcWait.Until[TResult](Func`1 func) in G:\azagent\BuildRelease01\20\s\DealCloud.Tests.Automation\DealCloud.Tests.Data.Common\Helpers\Wait\DcWait.cs:line 65&#xD;
   at DealCloud.Tests.Selenium.Web.NUnitTests.OpenSearch.BaseOpenSearch.VerifyFullSearchResultsWithWait(AdvancedSearchPage advancedSearch, String searchTerm, String objectName, String expectedEntryInResult) in G:\azagent\BuildRelease01\20\s\DealCloud.Tests.Automation\DealCloud.Tests.Selenium\Web\NUnitTests\OpenSearch\BaseOpenSearch.cs:line 149&#xD;
   at DealCloud.Tests.Selenium.Web.NUnitTests.OpenSearch.AdvancedSearch.AdvancedSearch_SearchByAttachmentField() in G:\azagent\BuildRelease01\20\s\DealCloud.Tests.Automation\DealCloud.Tests.Selenium\Web\NUnitTests\OpenSearch\AdvancedSearch.cs:line 241&#xD;
   at System.RuntimeMethodHandle.InvokeMethod(ObjectHandleOnStack target, Void** arguments, ObjectHandleOnStack sig, BOOL isConstructor, ObjectHandleOnStack result)&#xD;
   at System.Reflection.MethodBaseInvoker.InterpretedInvoke_Method(Object obj, IntPtr* args)&#xD;
   at System.Reflection.MethodBaseInvoker.InvokeWithNoArgs(Object obj, BindingFlags invokeAttr)
</StackTrace>
        </ErrorInfo>
      </Output>
      <ResultFiles>
        <ResultFile path="vmdcadoqa1a4\AdvancedSearch_SearchByAttachmentField_20260608_212722.png" />
        <ResultFile path="vmdcadoqa1a4\DealCloud.Tests.Selenium.Web.NUnitTests.OpenSearch.AdvancedSearch.log" />
      </ResultFiles>
    </UnitTestResult>
    <UnitTestResult executionId="3ded39f0-657a-438c-8f2d-a1a0a462adbd" testId="d4aa11b6-7f79-8c31-1734-07e2b4a8d475" testName="CheckQuickViewReportDisplayingAndEditAction" computerName="vmdcadoqa1a4" duration="00:00:48.1842380" startTime="2026-06-08T21:38:30.3132412+00:00" endTime="2026-06-08T21:39:18.4982985+00:00" testType="13cdc9d9-ddb5-4fa4-a97d-d965ccfc6d4b" outcome="Passed" testListId="8c84fa94-04c1-424b-9868-57a2d4851a1d" relativeResultsDirectory="3ded39f0-657a-438c-8f2d-a1a0a462adbd" />
    <UnitTestResult executionId="9cb52632-3840-4b2f-a002-deed18f1d9b8" testId="3eaa5c92-970b-aa6f-d830-fb9d546fc499" testName="SearchValueFromRestrictedFieldWhenConditionalPermissionsSetForObject" computerName="vmdcadoqa1a4" duration="00:02:55.1014380" startTime="2026-06-08T23:29:15.8788929+00:00" endTime="2026-06-08T23:32:10.9827937+00:00" testType="13cdc9d9-ddb5-4fa4-a97d-d965ccfc6d4b" outcome="Failed" testListId="8c84fa94-04c1-424b-9868-57a2d4851a1d" relativeResultsDirectory="9cb52632-3840-4b2f-a002-deed18f1d9b8">
      <Output>
        <ErrorInfo>
          <Message>OpenQA.Selenium.WebDriverTimeoutException : Timed out after 160 seconds</Message>
          <StackTrace>   at OpenQA.Selenium.Support.UI.DefaultWait`1.ThrowTimeoutException(String exceptionMessage, Exception lastException)&#xD;
   at OpenQA.Selenium.Support.UI.DefaultWait`1.Until[TResult](Func`2 condition, CancellationToken token)&#xD;
   at DealCloud.Tests.Shared.PageObjects.Modules.QuickSearch.SetSearchAndWaitForEntryIsDisplayedInQuickSearch(String entryName, Boolean isAnyEntry) in G:\azagent\BuildRelease01\20\s\DealCloud.Tests.Automation\DealCloud.Tests.Shared.PageObjects\Modules\QuickSearch.cs:line 389&#xD;
   at DealCloud.Tests.Selenium.Web.NUnitTests.QuickSearch.SearchCapabilities.OpenSearchConditionalPermissions.VerifyEntriesPresenceInQuickAndFullSearch(String searchTerm, Int32[] numbersOfEntriesToBeDisplayedInSearch) in G:\azagent\BuildRelease01\20\s\DealCloud.Tests.Automation\DealCloud.Tests.Selenium\Web\NUnitTests\SearchCapabilities\OpenSearchConditionalPermissions.cs:line 902&#xD;
   at DealCloud.Tests.Selenium.Web.NUnitTests.QuickSearch.SearchCapabilities.OpenSearchConditionalPermissions.SearchValueFromRestrictedFieldWhenConditionalPermissionsSetForObject() in G:\azagent\BuildRelease01\20\s\DealCloud.Tests.Automation\DealCloud.Tests.Selenium\Web\NUnitTests\SearchCapabilities\OpenSearchConditionalPermissions.cs:line 134&#xD;
   at System.RuntimeMethodHandle.InvokeMethod(ObjectHandleOnStack target, Void** arguments, ObjectHandleOnStack sig, BOOL isConstructor, ObjectHandleOnStack result)&#xD;
   at System.Reflection.MethodBaseInvoker.InterpretedInvoke_Method(Object obj, IntPtr* args)&#xD;
   at System.Reflection.MethodBaseInvoker.InvokeWithNoArgs(Object obj, BindingFlags invokeAttr)
1)    at OpenQA.Selenium.Support.UI.DefaultWait`1.ThrowTimeoutException(String exceptionMessage, Exception lastException)&#xD;
   at OpenQA.Selenium.Support.UI.DefaultWait`1.Until[TResult](Func`2 condition, CancellationToken token)&#xD;
   at DealCloud.Tests.Shared.PageObjects.Modules.QuickSearch.SetSearchAndWaitForEntryIsDisplayedInQuickSearch(String entryName, Boolean isAnyEntry) in G:\azagent\BuildRelease01\20\s\DealCloud.Tests.Automation\DealCloud.Tests.Shared.PageObjects\Modules\QuickSearch.cs:line 389&#xD;
   at DealCloud.Tests.Selenium.Web.NUnitTests.QuickSearch.SearchCapabilities.OpenSearchConditionalPermissions.VerifyEntriesPresenceInQuickAndFullSearch(String searchTerm, Int32[] numbersOfEntriesToBeDisplayedInSearch) in G:\azagent\BuildRelease01\20\s\DealCloud.Tests.Automation\DealCloud.Tests.Selenium\Web\NUnitTests\SearchCapabilities\OpenSearchConditionalPermissions.cs:line 902&#xD;
   at DealCloud.Tests.Selenium.Web.NUnitTests.QuickSearch.SearchCapabilities.OpenSearchConditionalPermissions.SearchValueFromRestrictedFieldWhenConditionalPermissionsSetForObject() in G:\azagent\BuildRelease01\20\s\DealCloud.Tests.Automation\DealCloud.Tests.Selenium\Web\NUnitTests\SearchCapabilities\OpenSearchConditionalPermissions.cs:line 134&#xD;
   at System.RuntimeMethodHandle.InvokeMethod(ObjectHandleOnStack target, Void** arguments, ObjectHandleOnStack sig, BOOL isConstructor, ObjectHandleOnStack result)&#xD;
   at System.Reflection.MethodBaseInvoker.InterpretedInvoke_Method(Object obj, IntPtr* args)&#xD;
   at System.Reflection.MethodBaseInvoker.InvokeWithNoArgs(Object obj, BindingFlags invokeAttr)
</StackTrace>
        </ErrorInfo>
      </Output>
      <ResultFiles>
        <ResultFile path="vmdcadoqa1a4\DealCloud.Tests.Selenium.Web.NUnitTests.QuickSearch.SearchCapabilities.OpenSearchConditionalPermissions.log" />
        <ResultFile path="vmdcadoqa1a4\SearchValueFromRestrictedFieldWhenConditionalP_20260608_233210.png" />
      </ResultFiles>
    </UnitTestResult>
    <UnitTestResult executionId="451c7aab-7d02-4752-a62c-728c5b7f312a" testId="4ea5fbd2-4bda-aafb-bb37-140f5f1d8388" testName="RecentlyVisitedDataUpdateLists" computerName="vmdcadoqa1a4" duration="00:00:15.3250470" startTime="2026-06-09T00:05:48.7027316+00:00" endTime="2026-06-09T00:06:04.0279922+00:00" testType="13cdc9d9-ddb5-4fa4-a97d-d965ccfc6d4b" outcome="Passed" testListId="8c84fa94-04c1-424b-9868-57a2d4851a1d" relativeResultsDirectory="451c7aab-7d02-4752-a62c-728c5b7f312a" />
    <UnitTestResult executionId="6aa3ed06-4ab8-4a8e-a8cc-59253e625a1a" testId="54956467-dc41-2a7d-14b9-50406f1b6d88" testName="RecentlyVisitedDataUpdateEntries" computerName="vmdcadoqa1a4" duration="00:00:12.7605160" startTime="2026-06-09T00:05:35.9420048+00:00" endTime="2026-06-09T00:05:48.7026990+00:00" testType="13cdc9d9-ddb5-4fa4-a97d-d965ccfc6d4b" outcome="Passed" testListId="8c84fa94-04c1-424b-9868-57a2d4851a1d" relativeResultsDirectory="6aa3ed06-4ab8-4a8e-a8cc-59253e625a1a" />
    <UnitTestResult executionId="0a5327b5-ca8a-4cea-9435-5524fee3c6b6" testId="fe4742e8-867e-3499-a6a0-915b81731c0f" testName="QuickSearchOpenSearchSearchResultsAreShownInOrderFullMatchOnTheNameFieldPartialMatchOnTheNameFieldAndMatchesOnSecondaryFields" computerName="vmdcadoqa1a4" duration="00:02:53.7323860" startTime="2026-06-08T23:48:42.9615920+00:00" endTime="2026-06-08T23:51:36.6964111+00:00" testType="13cdc9d9-ddb5-4fa4-a97d-d965ccfc6d4b" outcome="Failed" testListId="8c84fa94-04c1-424b-9868-57a2d4851a1d" relativeResultsDirectory="0a5327b5-ca8a-4cea-9435-5524fee3c6b6">
      <Output>
        <ErrorInfo>
          <Message>OpenQA.Selenium.WebDriverTimeoutException : Timed out after 160 seconds: Entry is not displayed in NdMatchesOnSecondaryFields_2026_06_08_114847161931 list</Message>
          <StackTrace>   at OpenQA.Selenium.Support.UI.DefaultWait`1.ThrowTimeoutException(String exceptionMessage, Exception lastException)&#xD;
   at OpenQA.Selenium.Support.UI.DefaultWait`1.Until[TResult](Func`2 condition, CancellationToken token)&#xD;
   at DealCloud.Tests.Selenium.Web.NUnitTests.OpenSearch.BaseOpenSearch.VerifyQuickSearchResultsForObjectWithWait(String listName, String searchValue, String foundEntry) in G:\azagent\BuildRelease01\20\s\DealCloud.Tests.Automation\DealCloud.Tests.Selenium\Web\NUnitTests\OpenSearch\BaseOpenSearch.cs:line 160&#xD;
   at DealCloud.Tests.Selenium.Web.NUnitTests.OpenSearch.OpenSearch.QuickSearchOpenSearchSearchResultsAreShownInOrderFullMatchOnTheNameFieldPartialMatchOnTheNameFieldAndMatchesOnSecondaryFields() in G:\azagent\BuildRelease01\20\s\DealCloud.Tests.Automation\DealCloud.Tests.Selenium\Web\NUnitTests\OpenSearch\OpenSearch.cs:line 1441&#xD;
   at System.RuntimeMethodHandle.InvokeMethod(ObjectHandleOnStack target, Void** arguments, ObjectHandleOnStack sig, BOOL isConstructor, ObjectHandleOnStack result)&#xD;
   at System.Reflection.MethodBaseInvoker.InterpretedInvoke_Method(Object obj, IntPtr* args)&#xD;
   at System.Reflection.MethodBaseInvoker.InvokeWithNoArgs(Object obj, BindingFlags invokeAttr)
1)    at OpenQA.Selenium.Support.UI.DefaultWait`1.ThrowTimeoutException(String exceptionMessage, Exception lastException)&#xD;
   at OpenQA.Selenium.Support.UI.DefaultWait`1.Until[TResult](Func`2 condition, CancellationToken token)&#xD;
   at DealCloud.Tests.Selenium.Web.NUnitTests.OpenSearch.BaseOpenSearch.VerifyQuickSearchResultsForObjectWithWait(String listName, String searchValue, String foundEntry) in G:\azagent\BuildRelease01\20\s\DealCloud.Tests.Automation\DealCloud.Tests.Selenium\Web\NUnitTests\OpenSearch\BaseOpenSearch.cs:line 160&#xD;
   at DealCloud.Tests.Selenium.Web.NUnitTests.OpenSearch.OpenSearch.QuickSearchOpenSearchSearchResultsAreShownInOrderFullMatchOnTheNameFieldPartialMatchOnTheNameFieldAndMatchesOnSecondaryFields() in G:\azagent\BuildRelease01\20\s\DealCloud.Tests.Automation\DealCloud.Tests.Selenium\Web\NUnitTests\OpenSearch\OpenSearch.cs:line 1441&#xD;
   at System.RuntimeMethodHandle.InvokeMethod(ObjectHandleOnStack target, Void** arguments, ObjectHandleOnStack sig, BOOL isConstructor, ObjectHandleOnStack result)&#xD;
   at System.Reflection.MethodBaseInvoker.InterpretedInvoke_Method(Object obj, IntPtr* args)&#xD;
   at System.Reflection.MethodBaseInvoker.InvokeWithNoArgs(Object obj, BindingFlags invokeAttr)
</StackTrace>
        </ErrorInfo>
      </Output>
      <ResultFiles>
        <ResultFile path="vmdcadoqa1a4\DealCloud.Tests.Selenium.Web.NUnitTests.OpenSearch.OpenSearch.log" />
        <ResultFile path="vmdcadoqa1a4\QuickSearchOpenSearchSearchResultsAreShownInOr_20260608_235136.png" />
      </ResultFiles>
    </UnitTestResult>
    <UnitTestResult executionId="87950962-4c66-4e2d-8a86-948eda6a55b5" testId="123c848a-6cae-8bbe-66ab-f0cd6de7a4f6" testName="EntryIsNotDisplayedInRecentlyVisitedSectionAfterOpeningQuickReportForThatEntry" computerName="vmdcadoqa1a4" duration="00:00:20.8234030" startTime="2026-06-09T00:03:17.8398621+00:00" endTime="2026-06-09T00:03:38.6635687+00:00" testType="13cdc9d9-ddb5-4fa4-a97d-d965ccfc6d4b" outcome="Passed" testListId="8c84fa94-04c1-424b-9868-57a2d4851a1d" relativeResultsDirectory="87950962-4c66-4e2d-8a86-948eda6a55b5" />
    <UnitTestResult executionId="33e69bb0-ca24-477c-a841-e1ee01192da6" testId="8bd9480e-92ff-9f8a-b7a6-23611b4c3fa3" testName="UserCanNavigateToFullSiteSearch" computerName="vmdcadoqa1a4" duration="00:00:12.6188620" startTime="2026-06-08T21:47:45.7448411+00:00" endTime="2026-06-08T21:47:58.3638808+00:00" testType="13cdc9d9-ddb5-4fa4-a97d-d965ccfc6d4b" outcome="Passed" testListId="8c84fa94-04c1-424b-9868-57a2d4851a1d" relativeResultsDirectory="33e69bb0-ca24-477c-a841-e1ee01192da6" />
    <UnitTestResult executionId="72011fc5-c0d2-4f43-959e-e9aa2ef26a63" testId="a1b65df4-9cb5-bcb3-bd84-f0e0fb9bdfd2" testName="AdvancedSearchSearchSpecificCombinations" computerName="vmdcadoqa1a4" duration="00:00:09.7506299" startTime="2026-06-08T21:32:17.7756767+00:00" endTime="2026-06-08T21:32:27.5264402+00:00" testType="13cdc9d9-ddb5-4fa4-a97d-d965ccfc6d4b" outcome="Failed" testListId="8c84fa94-04c1-424b-9868-57a2d4851a1d" relativeResultsDirectory="72011fc5-c0d2-4f43-959e-e9aa2ef26a63">
      <Output>
        <ErrorInfo>
          <Message>  Assert.That(isEntryExist, Is.True)&#xD;
  Expected: True&#xD;
  But was:  False&#xD;
</Message>
          <StackTrace>   at DealCloud.Tests.Selenium.Web.NUnitTests.FullSearch.FullSearch.AdvancedSearchSearchSpecificCombinations() in G:\azagent\BuildRelease01\20\s\DealCloud.Tests.Automation\DealCloud.Tests.Selenium\Web\NUnitTests\FullSearch\FullSearch.cs:line 2890&#xD;

1)    at DealCloud.Tests.Selenium.Web.NUnitTests.FullSearch.FullSearch.AdvancedSearchSearchSpecificCombinations() in G:\azagent\BuildRelease01\20\s\DealCloud.Tests.Automation\DealCloud.Tests.Selenium\Web\NUnitTests\FullSearch\FullSearch.cs:line 2890&#xD;

</StackTrace>
        </ErrorInfo>
      </Output>
      <ResultFiles>
        <ResultFile path="vmdcadoqa1a4\AdvancedSearchSearchSpecificCombinations_20260608_213227.png" />
        <ResultFile path="vmdcadoqa1a4\DealCloud.Tests.Selenium.Web.NUnitTests.FullSearch.FullSearch.log" />
      </ResultFiles>
    </UnitTestResult>
    <UnitTestResult executionId="9be916ce-dbfb-4ce4-a6a2-6a27c60fa56c" testId="f3ecb2e6-c260-0a76-e0c6-f4c56451aac9" testName="StartPageAndObjectSelector" computerName="vmdcadoqa1a4" duration="00:00:19.1204800" startTime="2026-06-08T21:46:25.2683884+00:00" endTime="2026-06-08T21:46:44.3891440+00:00" testType="13cdc9d9-ddb5-4fa4-a97d-d965ccfc6d4b" outcome="Passed" testListId="8c84fa94-04c1-424b-9868-57a2d4851a1d" relativeResultsDirectory="9be916ce-dbfb-4ce4-a6a2-6a27c60fa56c" />
    <UnitTestResult executionId="4e52dbb8-d341-48b1-91b9-8a16491838f1" testId="24793074-176a-3d1c-3ff5-0aee374652a6" testName="FieldsVisibilityInFullSearch" computerName="vmdcadoqa1a4" duration="00:00:19.2685120" startTime="2026-06-08T21:40:42.7381841+00:00" endTime="2026-06-08T21:41:02.0069976+00:00" testType="13cdc9d9-ddb5-4fa4-a97d-d965ccfc6d4b" outcome="Passed" testListId="8c84fa94-04c1-424b-9868-57a2d4851a1d" relativeResultsDirectory="4e52dbb8-d341-48b1-91b9-8a16491838f1" />
    <UnitTestResult executionId="b03f1210-2d96-4cd3-9eb4-14aaca02f1b1" testId="20ff47a3-aced-2180-a3fd-4f65519f145c" testName="CheckingSearchInSingleReferenceFieldWithFilterAssistedSearchEnabled" computerName="vmdcadoqa1a4" duration="00:00:00.0000020" startTime="2026-06-08T22:53:39.4601148+00:00" endTime="2026-06-08T22:53:39.4601163+00:00" testType="13cdc9d9-ddb5-4fa4-a97d-d965ccfc6d4b" outcome="NotExecuted" testListId="8c84fa94-04c1-424b-9868-57a2d4851a1d" relativeResultsDirectory="b03f1210-2d96-4cd3-9eb4-14aaca02f1b1">
      <Output>
        <StdOut>Skipped because of bugs: 124194</StdOut>
        <ErrorInfo>
          <Message>Skipped because of bugs: 124194</Message>
        </ErrorInfo>
      </Output>
    </UnitTestResult>
    <UnitTestResult executionId="8599fd16-fdb7-49fd-8763-1d9d08b33b3c" testId="58e46578-562c-2b79-8ac6-9a6f3233a81b" testName="QuickSearchCheckSearchWhenFieldsHaveSpecialSymbolsInTheName" computerName="vmdcadoqa1a4" duration="00:00:26.4130690" startTime="2026-06-08T23:07:36.6377739+00:00" endTime="2026-06-08T23:08:03.0512309+00:00" testType="13cdc9d9-ddb5-4fa4-a97d-d965ccfc6d4b" outcome="Passed" testListId="8c84fa94-04c1-424b-9868-57a2d4851a1d" relativeResultsDirectory="8599fd16-fdb7-49fd-8763-1d9d08b33b3c" />
    <UnitTestResult executionId="e03d3431-6348-48f3-8345-60a5b6cff562" testId="99b6a322-f508-1d51-95d8-d9039e384f68" testName="AdvancedSearchExportData" computerName="vmdcadoqa1a4" duration="00:01:02.6812480" startTime="2026-06-08T21:26:18.4871696+00:00" endTime="2026-06-08T21:27:21.1693924+00:00" testType="13cdc9d9-ddb5-4fa4-a97d-d965ccfc6d4b" outcome="Failed" testListId="8c84fa94-04c1-424b-9868-57a2d4851a1d" relativeResultsDirectory="e03d3431-6348-48f3-8345-60a5b6cff562">
      <Output>
        <ErrorInfo>
          <Message>  Assert.That(excelEntries, Is.EquivalentTo(objectEntries))&#xD;
  Expected: equivalent to &lt; "Popular_639165507821112427", "Popular_639165507985241416", "Popular_639165507821075983", "Popular_639165507895120773", "Popular_639165507829929599", "Popular_639165507975220658", "Popular_639165507821072096", "Popular_639165508196247968", "Popular_639165507850046827", "Popular_639165507821069430"... &gt;&#xD;
  But was:  &lt; "Popular_639165508115538406", "Popular_639165507900861224", "Popular_639165508145615028", "Popular_639165507955358202", "Popular_639165507821078356", "Popular_639165507821082062", "Popular_639165507870074620", "Popular_639165508201397906", "Popular_639165508010297137", "Popular_639165507995240702"... &gt;&#xD;
  Missing (28): &lt; "Popular_639165507821112427", "Popular_639165507985241416", "Popular_639165507821075983", "Popular_639165507895120773", "Popular_639165507829929599", "Popular_639165507975220658", "Popular_639165507821072096", "Popular_639165508196247968", "Popular_639165507850046827", "Popular_639165507821069430"... &gt;&#xD;
</Message>
          <StackTrace>   at DealCloud.Tests.Selenium.Web.NUnitTests.FullSearch.FullSearch.AdvancedSearchExportData() in G:\azagent\BuildRelease01\20\s\DealCloud.Tests.Automation\DealCloud.Tests.Selenium\Web\NUnitTests\FullSearch\FullSearch.cs:line 1609&#xD;

1)    at DealCloud.Tests.Selenium.Web.NUnitTests.FullSearch.FullSearch.AdvancedSearchExportData() in G:\azagent\BuildRelease01\20\s\DealCloud.Tests.Automation\DealCloud.Tests.Selenium\Web\NUnitTests\FullSearch\FullSearch.cs:line 1609&#xD;

</StackTrace>
        </ErrorInfo>
      </Output>
      <ResultFiles>
        <ResultFile path="vmdcadoqa1a4\AdvancedSearchExportData_20260608_212721.png" />
        <ResultFile path="vmdcadoqa1a4\DealCloud.Tests.Selenium.Web.NUnitTests.FullSearch.FullSearch.log" />
      </ResultFiles>
    </UnitTestResult>
    <UnitTestResult executionId="2a027a5f-9947-4e33-8b7d-e059a02a4402" testId="d28a64e5-cd82-938a-d598-fa606a5c5cd4" testName="CheckHtmlJsTagsDBQueriesStopwordsInQuickSearch" computerName="vmdcadoqa1a4" duration="00:00:20.5313880" startTime="2026-06-08T23:02:56.5057467+00:00" endTime="2026-06-08T23:03:17.0374966+00:00" testType="13cdc9d9-ddb5-4fa4-a97d-d965ccfc6d4b" outcome="Passed" testListId="8c84fa94-04c1-424b-9868-57a2d4851a1d" relativeResultsDirectory="2a027a5f-9947-4e33-8b7d-e059a02a4402" />
    <UnitTestResult executionId="becd3799-30f1-4982-9625-44aa2df5b7ca" testId="c85f6c75-d397-1030-7917-6d76258374d3" testName="DefaultFieldsVisibilityAndSortingCheckThatLookupAndOtherFieldsAreNotDuplicating" computerName="vmdcadoqa1a4" duration="00:00:19.3192470" startTime="2026-06-08T21:40:23.4185667+00:00" endTime="2026-06-08T21:40:42.7381226+00:00" testType="13cdc9d9-ddb5-4fa4-a97d-d965ccfc6d4b" outcome="Passed" testListId="8c84fa94-04c1-424b-9868-57a2d4851a1d" relativeResultsDirectory="becd3799-30f1-4982-9625-44aa2df5b7ca" />
    <UnitTestResult executionId="21ee3ba6-a2a9-4097-9588-04f8b2cbec72" testId="6927db56-6ba9-e623-cdb2-f8eb08cad70a" testName="ChangeTabFromMoreDropdownAfterSearchCompleted" computerName="vmdcadoqa1a4" duration="00:00:29.2915920" startTime="2026-06-08T23:01:15.9909472+00:00" endTime="2026-06-08T23:01:45.2831241+00:00" testType="13cdc9d9-ddb5-4fa4-a97d-d965ccfc6d4b" outcome="Passed" testListId="8c84fa94-04c1-424b-9868-57a2d4851a1d" relativeResultsDirectory="21ee3ba6-a2a9-4097-9588-04f8b2cbec72" />
    <UnitTestResult executionId="30356992-e1e4-4759-b927-015928e24665" testId="d6ca58d8-03f8-ac4c-0157-11ac638f67e0" testName="CheckingSearchByLookupFieldsMarkedAsQuickSearchSearchableFields" computerName="vmdcadoqa1a4" duration="00:02:52.5166080" startTime="2026-06-08T22:47:51.1079748+00:00" endTime="2026-06-08T22:50:43.6272381+00:00" testType="13cdc9d9-ddb5-4fa4-a97d-d965ccfc6d4b" outcome="Failed" testListId="8c84fa94-04c1-424b-9868-57a2d4851a1d" relativeResultsDirectory="30356992-e1e4-4759-b927-015928e24665">
      <Output>
        <StdOut>Before Selecting - 1&#xD;
Before Deleting - 1&#xD;
After Deleting - 1&#xD;
Before Selecting - 1&#xD;
Before Deleting - 1&#xD;
After Deleting - 1&#xD;
Before Selecting - 1&#xD;
Before Deleting - 1&#xD;
After Deleting - 1&#xD;
Before Selecting - 1&#xD;
Before Deleting - 1&#xD;
After Deleting - 1&#xD;
Before Selecting - 1&#xD;
Before Deleting - 1&#xD;
After Deleting - 1&#xD;
Before Selecting - 1&#xD;
Before Deleting - 1&#xD;
After Deleting - 1&#xD;
Before Selecting - 1&#xD;
Before Deleting - 1&#xD;
After Deleting - 1&#xD;
Before Selecting - 1&#xD;
Before Deleting - 1&#xD;
After Deleting - 1&#xD;
Before Selecting - 1&#xD;
Before Deleting - 1&#xD;
After Deleting - 1&#xD;
Before Selecting - 1&#xD;
Before Deleting - 1&#xD;
After Deleting - 1&#xD;
Before Selecting - 1&#xD;
Before Deleting - 1&#xD;
After Deleting - 1&#xD;
Before Selecting - 1&#xD;
Before Deleting - 1&#xD;
After Deleting - 1&#xD;
Before Selecting - 1&#xD;
Before Deleting - 1&#xD;
After Deleting - 1&#xD;
Before Selecting - 1&#xD;
Before Deleting - 1&#xD;
After Deleting - 1&#xD;
Before Selecting - 1&#xD;
Before Deleting - 1&#xD;
After Deleting - 1&#xD;
Before Selecting - 1&#xD;
Before Deleting - 1&#xD;
After Deleting - 1&#xD;
Before Selecting - 1&#xD;
Before Deleting - 1&#xD;
After Deleting - 1&#xD;
Before Selecting - 1&#xD;
Before Deleting - 1&#xD;
After Deleting - 1&#xD;
Before Selecting - 1&#xD;
Before Deleting - 1&#xD;
After Deleting - 1&#xD;
Before Selecting - 1&#xD;
Before Deleting - 1&#xD;
After Deleting - 1&#xD;
Before Selecting - 1&#xD;
Before Deleting - 1&#xD;
After Deleting - 1&#xD;
Before Selecting - 1&#xD;
Before Deleting - 1&#xD;
After Deleting - 1&#xD;
Before Selecting - 1&#xD;
Before Deleting - 1&#xD;
After Deleting - 1&#xD;
Before Selecting - 1&#xD;
Before Deleting - 1&#xD;
After Deleting - 1&#xD;
Before Selecting - 1&#xD;
Before Deleting - 1&#xD;
After Deleting - 1&#xD;
Before Selecting - 1&#xD;
Before Deleting - 1&#xD;
After Deleting - 1</StdOut>
        <ErrorInfo>
          <Message>System.TimeoutException : . Timed out after 160 seconds</Message>
          <StackTrace>   at DealCloud.Tests.Data.Common.Helpers.Wait.DcWait.Until[TResult](Func`1 func) in G:\azagent\BuildRelease01\20\s\DealCloud.Tests.Automation\DealCloud.Tests.Data.Common\Helpers\Wait\DcWait.cs:line 65&#xD;
   at DealCloud.Tests.Shared.PageObjects.Pages.Popups.EntryPopup.SearchForItemWithWait(String searchValue, String fieldName, Int32 expectedCountToBeLessThan, Boolean isMultiselect) in G:\azagent\BuildRelease01\20\s\DealCloud.Tests.Automation\DealCloud.Tests.Shared.PageObjects\Pages\Popups\EntryPopup.cs:line 2225&#xD;
   at DealCloud.Tests.Selenium.Web.NUnitTests.QuickSearch.OpenSearchInReferenceFields.CheckingSearchByLookupFieldsMarkedAsQuickSearchSearchableFields() in G:\azagent\BuildRelease01\20\s\DealCloud.Tests.Automation\DealCloud.Tests.Selenium\Web\NUnitTests\QuickSearch\OpenSearchInReferenceFields.cs:line 149&#xD;
   at System.RuntimeMethodHandle.InvokeMethod(ObjectHandleOnStack target, Void** arguments, ObjectHandleOnStack sig, BOOL isConstructor, ObjectHandleOnStack result)&#xD;
   at System.Reflection.MethodBaseInvoker.InterpretedInvoke_Method(Object obj, IntPtr* args)&#xD;
   at System.Reflection.MethodBaseInvoker.InvokeWithNoArgs(Object obj, BindingFlags invokeAttr)
1)    at DealCloud.Tests.Data.Common.Helpers.Wait.DcWait.Until[TResult](Func`1 func) in G:\azagent\BuildRelease01\20\s\DealCloud.Tests.Automation\DealCloud.Tests.Data.Common\Helpers\Wait\DcWait.cs:line 65&#xD;
   at DealCloud.Tests.Shared.PageObjects.Pages.Popups.EntryPopup.SearchForItemWithWait(String searchValue, String fieldName, Int32 expectedCountToBeLessThan, Boolean isMultiselect) in G:\azagent\BuildRelease01\20\s\DealCloud.Tests.Automation\DealCloud.Tests.Shared.PageObjects\Pages\Popups\EntryPopup.cs:line 2225&#xD;
   at DealCloud.Tests.Selenium.Web.NUnitTests.QuickSearch.OpenSearchInReferenceFields.CheckingSearchByLookupFieldsMarkedAsQuickSearchSearchableFields() in G:\azagent\BuildRelease01\20\s\DealCloud.Tests.Automation\DealCloud.Tests.Selenium\Web\NUnitTests\QuickSearch\OpenSearchInReferenceFields.cs:line 149&#xD;
   at System.RuntimeMethodHandle.InvokeMethod(ObjectHandleOnStack target, Void** arguments, ObjectHandleOnStack sig, BOOL isConstructor, ObjectHandleOnStack result)&#xD;
   at System.Reflection.MethodBaseInvoker.InterpretedInvoke_Method(Object obj, IntPtr* args)&#xD;
   at System.Reflection.MethodBaseInvoker.InvokeWithNoArgs(Object obj, BindingFlags invokeAttr)
</StackTrace>
        </ErrorInfo>
      </Output>
      <ResultFiles>
        <ResultFile path="vmdcadoqa1a4\CheckingSearchByLookupFieldsMarkedAsQuickSearc_20260608_225043.png" />
        <ResultFile path="vmdcadoqa1a4\DealCloud.Tests.Selenium.Web.NUnitTests.QuickSearch.OpenSearchInReferenceFields.log" />
      </ResultFiles>
    </UnitTestResult>
    <UnitTestResult executionId="84f5a1a6-dfe7-41b9-8775-6b403498fc5d" testId="5cb83619-51fd-a26a-4707-8ac12f5aa9e8" testName="CheckingMatchingResultsInUrlTextFields" computerName="vmdcadoqa1a4" duration="00:03:00.2410730" startTime="2026-06-08T22:41:37.7821156+00:00" endTime="2026-06-08T22:44:38.0261361+00:00" testType="13cdc9d9-ddb5-4fa4-a97d-d965ccfc6d4b" outcome="Failed" testListId="8c84fa94-04c1-424b-9868-57a2d4851a1d" relativeResultsDirectory="84f5a1a6-dfe7-41b9-8775-6b403498fc5d">
      <Output>
        <StdOut>Before Selecting - 1&#xD;
Before Deleting - 1&#xD;
After Deleting - 1&#xD;
Before Selecting - 1&#xD;
Before Deleting - 1&#xD;
After Deleting - 1&#xD;
Before Selecting - 1&#xD;
Before Deleting - 1&#xD;
After Deleting - 1&#xD;
Before Selecting - 1&#xD;
Before Deleting - 1&#xD;
After Deleting - 1&#xD;
Before Selecting - 1&#xD;
Before Deleting - 1&#xD;
After Deleting - 1&#xD;
Before Selecting - 1&#xD;
Before Deleting - 1&#xD;
After Deleting - 1&#xD;
Before Selecting - 1&#xD;
Before Deleting - 1&#xD;
After Deleting - 1&#xD;
Before Selecting - 1&#xD;
Before Deleting - 1&#xD;
After Deleting - 1&#xD;
Before Selecting - 1&#xD;
Before Deleting - 1&#xD;
After Deleting - 1&#xD;
Before Selecting - 1&#xD;
Before Deleting - 1&#xD;
After Deleting - 1&#xD;
Before Selecting - 1&#xD;
Before Deleting - 1&#xD;
After Deleting - 1&#xD;
Before Selecting - 1&#xD;
Before Deleting - 1&#xD;
After Deleting - 1&#xD;
Before Selecting - 1&#xD;
Before Deleting - 1&#xD;
After Deleting - 1&#xD;
Before Selecting - 1&#xD;
Before Deleting - 1&#xD;
After Deleting - 1&#xD;
Before Selecting - 1&#xD;
Before Deleting - 1&#xD;
After Deleting - 1&#xD;
Before Selecting - 1&#xD;
Before Deleting - 1&#xD;
After Deleting - 1&#xD;
Before Selecting - 1&#xD;
Before Deleting - 1&#xD;
After Deleting - 1&#xD;
Before Selecting - 1&#xD;
Before Deleting - 1&#xD;
After Deleting - 1&#xD;
Before Selecting - 1&#xD;
Before Deleting - 1&#xD;
After Deleting - 1&#xD;
Before Selecting - 1&#xD;
Before Deleting - 1&#xD;
After Deleting - 1&#xD;
Before Selecting - 1&#xD;
Before Deleting - 1&#xD;
After Deleting - 1&#xD;
Before Selecting - 1&#xD;
Before Deleting - 1&#xD;
After Deleting - 1&#xD;
Before Selecting - 1&#xD;
Before Deleting - 1&#xD;
After Deleting - 1&#xD;
Before Selecting - 1&#xD;
Before Deleting - 1&#xD;
After Deleting - 1&#xD;
Before Selecting - 1&#xD;
Before Deleting - 1&#xD;
After Deleting - 1&#xD;
Before Selecting - 1&#xD;
Before Deleting - 1&#xD;
After Deleting - 1</StdOut>
        <ErrorInfo>
          <Message>System.TimeoutException : . Timed out after 160 seconds</Message>
          <StackTrace>   at DealCloud.Tests.Data.Common.Helpers.Wait.DcWait.Until[TResult](Func`1 func) in G:\azagent\BuildRelease01\20\s\DealCloud.Tests.Automation\DealCloud.Tests.Data.Common\Helpers\Wait\DcWait.cs:line 65&#xD;
   at DealCloud.Tests.Shared.PageObjects.Pages.Popups.EntryPopup.SearchForItemWithWait(String searchValue, String fieldName, Int32 expectedCountToBeLessThan, Boolean isMultiselect) in G:\azagent\BuildRelease01\20\s\DealCloud.Tests.Automation\DealCloud.Tests.Shared.PageObjects\Pages\Popups\EntryPopup.cs:line 2225&#xD;
[...]
Before Deleting - 1&#xD;
After Deleting - 1&#xD;
Before Selecting - 1&#xD;
Before Deleting - 1&#xD;
After Deleting - 1&#xD;
Before Selecting - 1&#xD;
Before Deleting - 1&#xD;
After Deleting - 1&#xD;
Before Selecting - 1&#xD;
Before Deleting - 1&#xD;
After Deleting - 1&#xD;
Before Selecting - 1&#xD;
Before Deleting - 1&#xD;
After Deleting - 1&#xD;
Before Selecting - 1&#xD;
Before Deleting - 1&#xD;
After Deleting - 1&#xD;
Before Selecting - 1&#xD;
Before Deleting - 1&#xD;
After Deleting - 1&#xD;
Before Selecting - 1&#xD;
Before Deleting - 1&#xD;
After Deleting - 1&#xD;
Before Selecting - 1&#xD;
Before Deleting - 1&#xD;
After Deleting - 1&#xD;
Before Selecting - 1&#xD;
Before Deleting - 1&#xD;
After Deleting - 1&#xD;
Before Selecting - 1&#xD;
Before Deleting - 1&#xD;
After Deleting - 1&#xD;
Before Selecting - 1&#xD;
Before Deleting - 1&#xD;
After Deleting - 1&#xD;
Before Selecting - 1&#xD;
Before Deleting - 1&#xD;
After Deleting - 1&#xD;
Before Selecting - 1&#xD;
Before Deleting - 1&#xD;
After Deleting - 1&#xD;
Before Selecting - 1&#xD;
Before Deleting - 1&#xD;
After Deleting - 1&#xD;
Before Selecting - 1&#xD;
Before Deleting - 1&#xD;
After Deleting - 1&#xD;
Before Selecting - 1&#xD;
Before Deleting - 1&#xD;
After Deleting - 1&#xD;
Before Selecting - 1&#xD;
Before Deleting - 1&#xD;
After Deleting - 1&#xD;
Before Selecting - 1&#xD;
Before Deleting - 1&#xD;
After Deleting - 1&#xD;
Before Selecting - 1&#xD;
Before Deleting - 1&#xD;
After Deleting - 1&#xD;
Before Selecting - 1&#xD;
Before Deleting - 1&#xD;
After Deleting - 1&#xD;
Before Selecting - 1&#xD;
Before Deleting - 1&#xD;
After Deleting - 1&#xD;
Before Selecting - 1&#xD;
Before Deleting - 1&#xD;
After Deleting - 1&#xD;
Before Selecting - 1&#xD;
Before Deleting - 1&#xD;
After Deleting - 1&#xD;
&#xD;
Before Selecting - 1&#xD;
Before Deleting - 1&#xD;
After Deleting - 1&#xD;
Before Selecting - 1&#xD;
Before Deleting - 1&#xD;
After Deleting - 1&#xD;
Before Selecting - 1&#xD;
Before Deleting - 1&#xD;
After Deleting - 1&#xD;
Before Selecting - 1&#xD;
Before Deleting - 1&#xD;
After Deleting - 1&#xD;
Before Selecting - 1&#xD;
Before Deleting - 1&#xD;
After Deleting - 1&#xD;
Before Selecting - 1&#xD;
Before Deleting - 1&#xD;
After Deleting - 1&#xD;
Before Selecting - 1&#xD;
Before Deleting - 1&#xD;
After Deleting - 1&#xD;
Before Selecting - 1&#xD;
Before Deleting - 1&#xD;
After Deleting - 1&#xD;
Before Selecting - 1&#xD;
Before Deleting - 1&#xD;
After Deleting - 1&#xD;
Before Selecting - 1&#xD;
Before Deleting - 1&#xD;
After Deleting - 1&#xD;
Before Selecting - 1&#xD;
Before Deleting - 1&#xD;
After Deleting - 1&#xD;
Before Selecting - 1&#xD;
Before Deleting - 1&#xD;
After Deleting - 1&#xD;
Before Selecting - 1&#xD;
Before Deleting - 1&#xD;
After Deleting - 1&#xD;
Before Selecting - 1&#xD;
Before Deleting - 1&#xD;
After Deleting - 1&#xD;
Before Selecting - 1&#xD;
Before Deleting - 1&#xD;
After Deleting - 1&#xD;
Before Selecting - 1&#xD;
Before Deleting - 1&#xD;
After Deleting - 1&#xD;
Before Selecting - 1&#xD;
Before Deleting - 1&#xD;
After Deleting - 1&#xD;
Before Selecting - 1&#xD;
Before Deleting - 1&#xD;
After Deleting - 1&#xD;
Before Selecting - 1&#xD;
Before Deleting - 1&#xD;
After Deleting - 1&#xD;
Before Selecting - 1&#xD;
Before Deleting - 1&#xD;
After Deleting - 1&#xD;
Before Selecting - 1&#xD;
Before Deleting - 1&#xD;
After Deleting - 1&#xD;
Before Selecting - 1&#xD;
Before Deleting - 1&#xD;
After Deleting - 1&#xD;
Before Selecting - 1&#xD;
Before Deleting - 1&#xD;
After Deleting - 1&#xD;
Before Selecting - 1&#xD;
Before Deleting - 1&#xD;
After Deleting - 1&#xD;
Before Selecting - 1&#xD;
Before Deleting - 1&#xD;
After Deleting - 1&#xD;
Before Selecting - 1&#xD;
Before Deleting - 1&#xD;
After Deleting - 1&#xD;
&#xD;
Before Selecting - 1&#xD;
Before Deleting - 1&#xD;
After Deleting - 1&#xD;
Before Selecting - 1&#xD;
Before Deleting - 1&#xD;
After Deleting - 1&#xD;
Before Selecting - 1&#xD;
Before Deleting - 1&#xD;
After Deleting - 1&#xD;
Before Selecting - 1&#xD;
Before Deleting - 1&#xD;
After Deleting - 1&#xD;
Before Selecting - 1&#xD;
Before Deleting - 1&#xD;
After Deleting - 1&#xD;
Before Selecting - 1&#xD;
Before Deleting - 1&#xD;
After Deleting - 1&#xD;
Before Selecting - 1&#xD;
Before Deleting - 1&#xD;
After Deleting - 1&#xD;
Before Selecting - 1&#xD;
Before Deleting - 1&#xD;
After Deleting - 1&#xD;
Before Selecting - 1&#xD;
Before Deleting - 1&#xD;
After Deleting - 1&#xD;
Before Selecting - 1&#xD;
Before Deleting - 1&#xD;
After Deleting - 1&#xD;
Before Selecting - 1&#xD;
Before Deleting - 1&#xD;
After Deleting - 1&#xD;
Before Selecting - 1&#xD;
Before Deleting - 1&#xD;
After Deleting - 1&#xD;
Before Selecting - 1&#xD;
Before Deleting - 1&#xD;
After Deleting - 1&#xD;
Before Selecting - 1&#xD;
Before Deleting - 1&#xD;
After Deleting - 1&#xD;
Before Selecting - 1&#xD;
Before Deleting - 1&#xD;
After Deleting - 1&#xD;
Before Selecting - 1&#xD;
Before Deleting - 1&#xD;
After Deleting - 1&#xD;
Before Selecting - 1&#xD;
Before Deleting - 1&#xD;
After Deleting - 1&#xD;
Before Selecting - 1&#xD;
Before Deleting - 1&#xD;
After Deleting - 1&#xD;
Before Selecting - 1&#xD;
Before Deleting - 1&#xD;
After Deleting - 1&#xD;
Before Selecting - 1&#xD;
Before Deleting - 1&#xD;
After Deleting - 1&#xD;
Before Selecting - 1&#xD;
Before Deleting - 1&#xD;
After Deleting - 1&#xD;
Before Selecting - 1&#xD;
Before Deleting - 1&#xD;
After Deleting - 1&#xD;
Before Selecting - 1&#xD;
Before Deleting - 1&#xD;
After Deleting - 1&#xD;
Before Selecting - 1&#xD;
Before Deleting - 1&#xD;
After Deleting - 1&#xD;
Before Selecting - 1&#xD;
Before Deleting - 1&#xD;
After Deleting - 1&#xD;
Before Selecting - 1&#xD;
Before Deleting - 1&#xD;
After Deleting - 1&#xD;
&#xD;
Before Selecting - 1&#xD;
Before Deleting - 1&#xD;
After Deleting - 1&#xD;
Before Selecting - 1&#xD;
Before Deleting - 1&#xD;
After Deleting - 1&#xD;
Before Selecting - 1&#xD;
Before Deleting - 1&#xD;
After Deleting - 1&#xD;
Before Selecting - 1&#xD;
Before Deleting - 1&#xD;
After Deleting - 1&#xD;
Before Selecting - 1&#xD;
Before Deleting - 1&#xD;
After Deleting - 1&#xD;
Before Selecting - 1&#xD;
Before Deleting - 1&#xD;
After Deleting - 1&#xD;
Before Selecting - 1&#xD;
Before Deleting - 1&#xD;
After Deleting - 1&#xD;
Before Selecting - 1&#xD;
Before Deleting - 1&#xD;
After Deleting - 1&#xD;
Before Selecting - 1&#xD;
Before Deleting - 1&#xD;
After Deleting - 1&#xD;
Before Selecting - 1&#xD;
Before Deleting - 1&#xD;
After Deleting - 1&#xD;
Before Selecting - 1&#xD;
Before Deleting - 1&#xD;
After Deleting - 1&#xD;
Before Selecting - 1&#xD;
Before Deleting - 1&#xD;
After Deleting - 1&#xD;
Before Selecting - 1&#xD;
Before Deleting - 1&#xD;
After Deleting - 1&#xD;
Before Selecting - 1&#xD;
Before Deleting - 1&#xD;
After Deleting - 1&#xD;
Before Selecting - 1&#xD;
Before Deleting - 1&#xD;
After Deleting - 1&#xD;
Before Selecting - 1&#xD;
Before Deleting - 1&#xD;
After Deleting - 1&#xD;
Before Selecting - 1&#xD;
Before Deleting - 1&#xD;
After Deleting - 1&#xD;
Before Selecting - 1&#xD;
Before Deleting - 1&#xD;
After Deleting - 1&#xD;
Before Selecting - 1&#xD;
Before Deleting - 1&#xD;
After Deleting - 1&#xD;
Before Selecting - 1&#xD;
Before Deleting - 1&#xD;
After Deleting - 1&#xD;
Before Selecting - 1&#xD;
Before Deleting - 1&#xD;
After Deleting - 1&#xD;
Before Selecting - 1&#xD;
Before Deleting - 1&#xD;
After Deleting - 1&#xD;
Before Selecting - 1&#xD;
Before Deleting - 1&#xD;
After Deleting - 1&#xD;
Before Selecting - 1&#xD;
Before Deleting - 1&#xD;
After Deleting - 1&#xD;
Before Selecting - 1&#xD;
Before Deleting - 1&#xD;
After Deleting - 1&#xD;
Before Selecting - 1&#xD;
Before Deleting - 1&#xD;
After Deleting - 1&#xD;
&#xD;
Before Selecting - 1&#xD;
Before Deleting - 1&#xD;
After Deleting - 1&#xD;
Before Selecting - 1&#xD;
Before Deleting - 1&#xD;
After Deleting - 1&#xD;
Before Selecting - 1&#xD;
Before Deleting - 1&#xD;
After Deleting - 1&#xD;
Before Selecting - 1&#xD;
Before Deleting - 1&#xD;
After Deleting - 1&#xD;
Before Selecting - 1&#xD;
Before Deleting - 1&#xD;
After Deleting - 1&#xD;
Before Selecting - 1&#xD;
Before Deleting - 1&#xD;
After Deleting - 1&#xD;
Before Selecting - 1&#xD;
Before Deleting - 1&#xD;
After Deleting - 1&#xD;
Before Selecting - 1&#xD;
Before Deleting - 1&#xD;
After Deleting - 1&#xD;
Before Selecting - 1&#xD;
Before Deleting - 1&#xD;
After Deleting - 1&#xD;
Before Selecting - 1&#xD;
Before Deleting - 1&#xD;
After Deleting - 1&#xD;
Before Selecting - 1&#xD;
Before Deleting - 1&#xD;
After Deleting - 1&#xD;
Before Selecting - 1&#xD;
Before Deleting - 1&#xD;
After Deleting - 1&#xD;
Before Selecting - 1&#xD;
Before Deleting - 1&#xD;
After Deleting - 1&#xD;
Before Selecting - 1&#xD;
Before Deleting - 1&#xD;
After Deleting - 1&#xD;
Before Selecting - 1&#xD;
Before Deleting - 1&#xD;
After Deleting - 1&#xD;
Before Selecting - 1&#xD;
Before Deleting - 1&#xD;
After Deleting - 1&#xD;
Before Selecting - 1&#xD;
Before Deleting - 1&#xD;
After Deleting - 1&#xD;
Before Selecting - 1&#xD;
Before Deleting - 1&#xD;
After Deleting - 1&#xD;
Before Selecting - 1&#xD;
Before Deleting - 1&#xD;
After Deleting - 1&#xD;
Before Selecting - 1&#xD;
Before Deleting - 1&#xD;
After Deleting - 1&#xD;
Before Selecting - 1&#xD;
Before Deleting - 1&#xD;
After Deleting - 1&#xD;
Before Selecting - 1&#xD;
Before Deleting - 1&#xD;
After Deleting - 1&#xD;
Before Selecting - 1&#xD;
Before Deleting - 1&#xD;
After Deleting - 1&#xD;
Before Selecting - 1&#xD;
Before Deleting - 1&#xD;
After Deleting - 1&#xD;
Before Selecting - 1&#xD;
Before Deleting - 1&#xD;
After Deleting - 1&#xD;
Before Selecting - 1&#xD;
Before Deleting - 1&#xD;
After Deleting - 1&#xD;
&#xD;
Before Selecting - 1&#xD;
Before Deleting - 1&#xD;
After Deleting - 1&#xD;
Before Selecting - 1&#xD;
Before Deleting - 1&#xD;
After Deleting - 1&#xD;
Before Selecting - 1&#xD;
Before Deleting - 1&#xD;
After Deleting - 1&#xD;
Before Selecting - 1&#xD;
Before Deleting - 1&#xD;
After Deleting - 1&#xD;
Before Selecting - 1&#xD;
Before Deleting - 1&#xD;
After Deleting - 1&#xD;
Before Selecting - 1&#xD;
Before Deleting - 1&#xD;
After Deleting - 1&#xD;
Before Selecting - 1&#xD;
Before Deleting - 1&#xD;
After Deleting - 1&#xD;
Before Selecting - 1&#xD;
Before Deleting - 1&#xD;
After Deleting - 1&#xD;
Before Selecting - 1&#xD;
Before Deleting - 1&#xD;
After Deleting - 1&#xD;
Before Selecting - 1&#xD;
Before Deleting - 1&#xD;
After Deleting - 1&#xD;
Before Selecting - 1&#xD;
Before Deleting - 1&#xD;
After Deleting - 1&#xD;
Before Selecting - 1&#xD;
Before Deleting - 1&#xD;
After Deleting - 1&#xD;
Before Selecting - 1&#xD;
Before Deleting - 1&#xD;
After Deleting - 1&#xD;
Before Selecting - 1&#xD;
Before Deleting - 1&#xD;
After Deleting - 1&#xD;
Before Selecting - 1&#xD;
Before Deleting - 1&#xD;
After Deleting - 1&#xD;
Before Selecting - 1&#xD;
Before Deleting - 1&#xD;
After Deleting - 1&#xD;
Before Selecting - 1&#xD;
Before Deleting - 1&#xD;
After Deleting - 1&#xD;
Before Selecting - 1&#xD;
Before Deleting - 1&#xD;
After Deleting - 1&#xD;
Before Selecting - 1&#xD;
Before Deleting - 1&#xD;
After Deleting - 1&#xD;
Before Selecting - 1&#xD;
Before Deleting - 1&#xD;
After Deleting - 1&#xD;
Before Selecting - 1&#xD;
Before Deleting - 1&#xD;
After Deleting - 1&#xD;
Before Selecting - 1&#xD;
Before Deleting - 1&#xD;
After Deleting - 1&#xD;
Before Selecting - 1&#xD;
Before Deleting - 1&#xD;
After Deleting - 1&#xD;
Before Selecting - 1&#xD;
Before Deleting - 1&#xD;
After Deleting - 1&#xD;
Before Selecting - 1&#xD;
Before Deleting - 1&#xD;
After Deleting - 1&#xD;
Before Selecting - 1&#xD;
Before Deleting - 1&#xD;
After Deleting - 1&#xD;
&#xD;
Before Selecting - 1&#xD;
Before Deleting - 1&#xD;
After Deleting - 1&#xD;
Before Selecting - 1&#xD;
Before Deleting - 1&#xD;
After Deleting - 1&#xD;
Before Selecting - 1&#xD;
Before Deleting - 1&#xD;
After Deleting - 1&#xD;
Before Selecting - 1&#xD;
Before Deleting - 1&#xD;
After Deleting - 1&#xD;
Before Selecting - 1&#xD;
Before Deleting - 1&#xD;
After Deleting - 1&#xD;
Before Selecting - 1&#xD;
Before Deleting - 1&#xD;
After Deleting - 1&#xD;
Before Selecting - 1&#xD;
Before Deleting - 1&#xD;
After Deleting - 1&#xD;
Before Selecting - 1&#xD;
Before Deleting - 1&#xD;
After Deleting - 1&#xD;
Before Selecting - 1&#xD;
Before Deleting - 1&#xD;
After Deleting - 1&#xD;
Before Selecting - 1&#xD;
Before Deleting - 1&#xD;
After Deleting - 1&#xD;
Before Selecting - 1&#xD;
Before Deleting - 1&#xD;
After Deleting - 1&#xD;
Before Selecting - 1&#xD;
Before Deleting - 1&#xD;
After Deleting - 1&#xD;
Before Selecting - 1&#xD;
Before Deleting - 1&#xD;
After Deleting - 1&#xD;
Before Selecting - 1&#xD;
Before Deleting - 1&#xD;
After Deleting - 1&#xD;
Before Selecting - 1&#xD;
Before Deleting - 1&#xD;
After Deleting - 1&#xD;
Before Selecting - 1&#xD;
Before Deleting - 1&#xD;
After Deleting - 1&#xD;
Before Selecting - 1&#xD;
Before Deleting - 1&#xD;
After Deleting - 1&#xD;
Before Selecting - 1&#xD;
Before Deleting - 1&#xD;
After Deleting - 1&#xD;
Before Selecting - 1&#xD;
Before Deleting - 1&#xD;
After Deleting - 1&#xD;
Before Selecting - 1&#xD;
Before Deleting - 1&#xD;
After Deleting - 1&#xD;
Before Selecting - 1&#xD;
Before Deleting - 1&#xD;
After Deleting - 1&#xD;
Before Selecting - 1&#xD;
Before Deleting - 1&#xD;
After Deleting - 1&#xD;
Before Selecting - 1&#xD;
Before Deleting - 1&#xD;
After Deleting - 1&#xD;
Before Selecting - 1&#xD;
Before Deleting - 1&#xD;
After Deleting - 1&#xD;
&#xD;
OpenSearchQuickSearchSearchableFieldsDisplayingDefaultAndAvailableields: Skipped because of bugs: 124319&#xD;
Before Selecting - 1&#xD;
Before Deleting - 1&#xD;
After Deleting - 1&#xD;
Before Selecting - 1&#xD;
Before Deleting - 1&#xD;
After Deleting - 1&#xD;
Before Selecting - 1&#xD;
Before Deleting - 1&#xD;
After Deleting - 1&#xD;
Before Selecting - 1&#xD;
Before Deleting - 1&#xD;
After Deleting - 1&#xD;
Before Selecting - 1&#xD;
Before Deleting - 1&#xD;
After Deleting - 1&#xD;
Before Selecting - 1&#xD;
Before Deleting - 1&#xD;
After Deleting - 1&#xD;
Before Selecting - 1&#xD;
Before Deleting - 1&#xD;
After Deleting - 1&#xD;
Before Selecting - 1&#xD;
Before Deleting - 1&#xD;
After Deleting - 1&#xD;
Before Selecting - 1&#xD;
Before Deleting - 1&#xD;
After Deleting - 1&#xD;
Before Selecting - 1&#xD;
Before Deleting - 1&#xD;
After Deleting - 1&#xD;
Before Selecting - 1&#xD;
Before Deleting - 1&#xD;
After Deleting - 1&#xD;
Before Selecting - 1&#xD;
Before Deleting - 1&#xD;
After Deleting - 1&#xD;
Before Selecting - 1&#xD;
Before Deleting - 1&#xD;
After Deleting - 1&#xD;
Before Selecting - 1&#xD;
Before Deleting - 1&#xD;
After Deleting - 1&#xD;
Before Selecting - 1&#xD;
Before Deleting - 1&#xD;
After Deleting - 1&#xD;
Before Selecting - 1&#xD;
Before Deleting - 1&#xD;
After Deleting - 1&#xD;
Before Selecting - 1&#xD;
Before Deleting - 1&#xD;
After Deleting - 1&#xD;
Before Selecting - 1&#xD;
Before Deleting - 1&#xD;
After Deleting - 1&#xD;
Before Selecting - 1&#xD;
Before Deleting - 1&#xD;
After Deleting - 1&#xD;
Before Selecting - 1&#xD;
Before Deleting - 1&#xD;
After Deleting - 1&#xD;
Before Selecting - 1&#xD;
Before Deleting - 1&#xD;
After Deleting - 1&#xD;
Before Selecting - 1&#xD;
Before Deleting - 1&#xD;
After Deleting - 1&#xD;
Before Selecting - 1&#xD;
Before Deleting - 1&#xD;
After Deleting - 1&#xD;
Before Selecting - 1&#xD;
Before Deleting - 1&#xD;
After Deleting - 1&#xD;
Before Selecting - 1&#xD;
Before Deleting - 1&#xD;
After Deleting - 1&#xD;
Before Selecting - 1&#xD;
Before Deleting - 1&#xD;
After Deleting - 1&#xD;
&#xD;
Before Selecting - 1&#xD;
Before Deleting - 1&#xD;
After Deleting - 1&#xD;
Before Selecting - 1&#xD;
Before Deleting - 1&#xD;
After Deleting - 1&#xD;
Before Selecting - 1&#xD;
Before Deleting - 1&#xD;
After Deleting - 1&#xD;
Before Selecting - 1&#xD;
Before Deleting - 1&#xD;
After Deleting - 1&#xD;
Before Selecting - 1&#xD;
Before Deleting - 1&#xD;
After Deleting - 1&#xD;
Before Selecting - 1&#xD;
Before Deleting - 1&#xD;
After Deleting - 1&#xD;
Before Selecting - 1&#xD;
Before Deleting - 1&#xD;
After Deleting - 1&#xD;
Before Selecting - 1&#xD;
Before Deleting - 1&#xD;
After Deleting - 1&#xD;
Before Selecting - 1&#xD;
Before Deleting - 1&#xD;
After Deleting - 1&#xD;
Before Selecting - 1&#xD;
Before Deleting - 1&#xD;
After Deleting - 1&#xD;
Before Selecting - 1&#xD;
Before Deleting - 1&#xD;
After Deleting - 1&#xD;
Before Selecting - 1&#xD;
Before Deleting - 1&#xD;
After Deleting - 1&#xD;
Before Selecting - 1&#xD;
Before Deleting - 1&#xD;
After Deleting - 1&#xD;
Before Selecting - 1&#xD;
Before Deleting - 1&#xD;
After Deleting - 1&#xD;
Before Selecting - 1&#xD;
Before Deleting - 1&#xD;
After Deleting - 1&#xD;
Before Selecting - 1&#xD;
Before Deleting - 1&#xD;
After Deleting - 1&#xD;
Before Selecting - 1&#xD;
Before Deleting - 1&#xD;
After Deleting - 1&#xD;
Before Selecting - 1&#xD;
Before Deleting - 1&#xD;
After Deleting - 1&#xD;
Before Selecting - 1&#xD;
Before Deleting - 1&#xD;
After Deleting - 1&#xD;
Before Selecting - 1&#xD;
Before Deleting - 1&#xD;
After Deleting - 1&#xD;
Before Selecting - 1&#xD;
Before Deleting - 1&#xD;
After Deleting - 1&#xD;
Before Selecting - 1&#xD;
Before Deleting - 1&#xD;
After Deleting - 1&#xD;
Before Selecting - 1&#xD;
Before Deleting - 1&#xD;
After Deleting - 1&#xD;
Before Selecting - 1&#xD;
Before Deleting - 1&#xD;
After Deleting - 1&#xD;
Before Selecting - 1&#xD;
Before Deleting - 1&#xD;
After Deleting - 1&#xD;
Before Selecting - 1&#xD;
Before Deleting - 1&#xD;
After Deleting - 1&#xD;
&#xD;
CheckingSearchInMultipleReferenceFieldWithFilterAssistedSearchEnabled: Skipped because of bugs: 124194&#xD;
CheckingSearchInSingleReferenceFieldWithFilterAssistedSearchEnabled: Skipped because of bugs: 124194&#xD;
Before Selecting - 1&#xD;
Before Deleting - 1&#xD;
After Deleting - 1&#xD;
Before Selecting - 1&#xD;
Before Deleting - 1&#xD;
After Deleting - 1&#xD;
Before Selecting - 1&#xD;
Before Deleting - 1&#xD;
After Deleting - 1&#xD;
Before Selecting - 1&#xD;
Before Deleting - 1&#xD;
After Deleting - 1&#xD;
Before Selecting - 1&#xD;
Before Deleting - 1&#xD;
After Deleting - 1&#xD;
&#xD;
Before Selecting - 1&#xD;
Before Deleting - 1&#xD;
After Deleting - 1&#xD;
Before Selecting - 1&#xD;
Before Deleting - 1&#xD;
After Deleting - 1&#xD;
Before Selecting - 1&#xD;
Before Deleting - 1&#xD;
After Deleting - 1&#xD;
Before Selecting - 1&#xD;
Before Deleting - 1&#xD;
After Deleting - 1&#xD;
Before Selecting - 1&#xD;
Before Deleting - 1&#xD;
After Deleting - 1&#xD;
Before Selecting - 1&#xD;
Before Deleting - 1&#xD;
After Deleting - 1&#xD;
Before Selecting - 1&#xD;
Before Deleting - 1&#xD;
After Deleting - 1&#xD;
Before Selecting - 1&#xD;
Before Deleting - 1&#xD;
After Deleting - 1&#xD;
Before Selecting - 1&#xD;
Before Deleting - 1&#xD;
After Deleting - 1&#xD;
Before Selecting - 1&#xD;
Before Deleting - 1&#xD;
After Deleting - 1&#xD;
Before Selecting - 1&#xD;
Before Deleting - 1&#xD;
After Deleting - 1&#xD;
Before Selecting - 1&#xD;
Before Deleting - 1&#xD;
After Deleting - 1&#xD;
Before Selecting - 1&#xD;
Before Deleting - 1&#xD;
After Deleting - 1&#xD;
Before Selecting - 1&#xD;
Before Deleting - 1&#xD;
After Deleting - 1&#xD;
Before Selecting - 1&#xD;
Before Deleting - 1&#xD;
After Deleting - 1&#xD;
Before Selecting - 1&#xD;
Before Deleting - 1&#xD;
After Deleting - 1&#xD;
Before Selecting - 1&#xD;
Before Deleting - 1&#xD;
After Deleting - 1&#xD;
Before Selecting - 1&#xD;
Before Deleting - 1&#xD;
After Deleting - 1&#xD;
Before Selecting - 1&#xD;
Before Deleting - 1&#xD;
After Deleting - 1&#xD;
Before Selecting - 1&#xD;
Before Deleting - 1&#xD;
After Deleting - 1&#xD;
Before Selecting - 1&#xD;
Before Deleting - 1&#xD;
After Deleting - 1&#xD;
Before Selecting - 1&#xD;
Before Deleting - 1&#xD;
After Deleting - 1&#xD;
Before Selecting - 1&#xD;
Before Deleting - 1&#xD;
After Deleting - 1&#xD;
Before Selecting - 1&#xD;
Before Deleting - 1&#xD;
After Deleting - 1&#xD;
Before Selecting - 1&#xD;
Before Deleting - 1&#xD;
After Deleting - 1&#xD;
&#xD;
SearchingUsingAmpersandSymbol: Skipped because of bugs: 124629&#xD;
</StdOut>
    </Output>
  </ResultSummary>
</TestRun>